TpTrace Verbose: 0 : 6872, 1, 2023/01/08, 19:43:36.651, 21006303735, vstest.console.dll, Version: 17.4.0-release-20221019-01 Current process architecture: X64
TpTrace Verbose: 0 : 6872, 1, 2023/01/08, 19:43:36.661, 21006408496, vstest.console.dll, Runtime location: C:\Program Files\dotnet\shared\Microsoft.NETCore.App\7.0.1
TpTrace Verbose: 0 : 6872, 1, 2023/01/08, 19:43:36.709, 21006879564, vstest.console.dll, ArtifactProcessingPostProcessModeProcessorExecutor.Initialize: ArtifactProcessingMode.Collect
TpTrace Verbose: 0 : 6872, 1, 2023/01/08, 19:43:36.710, 21006889946, vstest.console.dll, TestSessionCorrelationIdProcessorModeProcessorExecutor.Initialize: TestSessionCorrelationId '3732_c5ccde40-4f55-442d-8e25-413cc9702f08'
TpTrace Information: 0 : 6872, 1, 2023/01/08, 19:43:36.781, 21007608566, vstest.console.dll, FilePatternParser: The given file C:\Users\User\Desktop\Svetlina\12\Exam\05.Working-with-Legacy-Code-Exam-Solutions\ChatRoom.Tests\bin\Debug\net6.0\fine-code-coverage\build-output\ChatRoom.Tests.dll is a full path.
TpTrace Verbose: 0 : 6872, 1, 2023/01/08, 19:43:36.830, 21008095358, vstest.console.dll, TestPluginCache.DiscoverTestExtensions: finding test extensions in assemblies ends with: RuntimeProvider.dll TPluginInfo: Microsoft.VisualStudio.TestPlatform.Common.ExtensionFramework.Utilities.TestRuntimePluginInformation TExtension: Microsoft.VisualStudio.TestPlatform.ObjectModel.Host.ITestRuntimeProvider
TpTrace Verbose: 0 : 6872, 1, 2023/01/08, 19:43:36.831, 21008104018, vstest.console.dll, TestPluginCache.GetExtensionPaths: Filtered extension paths: 
TpTrace Verbose: 0 : 6872, 1, 2023/01/08, 19:43:36.831, 21008107400, vstest.console.dll, TestPluginCache.GetExtensionPaths: Added default extension paths: C:\Program Files\dotnet\sdk\7.0.101\Extensions\Microsoft.Diagnostics.NETCore.Client.dll
C:\Program Files\dotnet\sdk\7.0.101\Extensions\Microsoft.TestPlatform.Extensions.BlameDataCollector.dll
C:\Program Files\dotnet\sdk\7.0.101\Extensions\Microsoft.TestPlatform.Extensions.EventLogCollector.dll
C:\Program Files\dotnet\sdk\7.0.101\Extensions\Microsoft.TestPlatform.TestHostRuntimeProvider.dll
C:\Program Files\dotnet\sdk\7.0.101\Extensions\Microsoft.VisualStudio.TestPlatform.Extensions.Html.TestLogger.dll
C:\Program Files\dotnet\sdk\7.0.101\Extensions\Microsoft.VisualStudio.TestPlatform.Extensions.Trx.TestLogger.dll
TpTrace Verbose: 0 : 6872, 1, 2023/01/08, 19:43:36.831, 21008109095, vstest.console.dll, TestPluginCache.GetExtensionPaths: Added unfilterableExtensionPaths: 
TpTrace Information: 0 : 6872, 1, 2023/01/08, 19:43:36.842, 21008211879, vstest.console.dll, AssemblyResolver.ctor: Creating AssemblyResolver with searchDirectories C:\Program Files\dotnet\sdk\7.0.101\Extensions,C:\Program Files\dotnet\sdk\7.0.101
TpTrace Verbose: 0 : 6872, 1, 2023/01/08, 19:43:36.848, 21008275945, vstest.console.dll, TestPluginCache.DiscoverTestExtensions: Discovering the extensions using extension path.
TpTrace Verbose: 0 : 6872, 1, 2023/01/08, 19:43:36.849, 21008282900, vstest.console.dll, TestPluginCache.GetExtensionPaths: Filtered extension paths: 
TpTrace Verbose: 0 : 6872, 1, 2023/01/08, 19:43:36.849, 21008285014, vstest.console.dll, TestPluginCache.GetExtensionPaths: Added default extension paths: C:\Program Files\dotnet\sdk\7.0.101\Extensions\Microsoft.Diagnostics.NETCore.Client.dll
C:\Program Files\dotnet\sdk\7.0.101\Extensions\Microsoft.TestPlatform.Extensions.BlameDataCollector.dll
C:\Program Files\dotnet\sdk\7.0.101\Extensions\Microsoft.TestPlatform.Extensions.EventLogCollector.dll
C:\Program Files\dotnet\sdk\7.0.101\Extensions\Microsoft.TestPlatform.TestHostRuntimeProvider.dll
C:\Program Files\dotnet\sdk\7.0.101\Extensions\Microsoft.VisualStudio.TestPlatform.Extensions.Html.TestLogger.dll
C:\Program Files\dotnet\sdk\7.0.101\Extensions\Microsoft.VisualStudio.TestPlatform.Extensions.Trx.TestLogger.dll
TpTrace Verbose: 0 : 6872, 1, 2023/01/08, 19:43:36.849, 21008288003, vstest.console.dll, TestPluginCache.GetExtensionPaths: Added unfilterableExtensionPaths: 
TpTrace Verbose: 0 : 6872, 1, 2023/01/08, 19:43:36.850, 21008292074, vstest.console.dll, TestPluginCache.DiscoverTestExtensions: Discovering the extensions using allExtensionPaths: C:\Program Files\dotnet\sdk\7.0.101\Extensions\Microsoft.Diagnostics.NETCore.Client.dll
C:\Program Files\dotnet\sdk\7.0.101\Extensions\Microsoft.TestPlatform.Extensions.BlameDataCollector.dll
C:\Program Files\dotnet\sdk\7.0.101\Extensions\Microsoft.TestPlatform.Extensions.EventLogCollector.dll
C:\Program Files\dotnet\sdk\7.0.101\Extensions\Microsoft.TestPlatform.TestHostRuntimeProvider.dll
C:\Program Files\dotnet\sdk\7.0.101\Extensions\Microsoft.VisualStudio.TestPlatform.Extensions.Html.TestLogger.dll
C:\Program Files\dotnet\sdk\7.0.101\Extensions\Microsoft.VisualStudio.TestPlatform.Extensions.Trx.TestLogger.dll
TpTrace Information: 0 : 6872, 1, 2023/01/08, 19:43:36.850, 21008298256, vstest.console.dll, AssemblyResolver.AddSearchDirectories: Adding more searchDirectories C:\Program Files\dotnet\sdk\7.0.101\Extensions,C:\Program Files\dotnet\sdk\7.0.101
TpTrace Information: 0 : 6872, 1, 2023/01/08, 19:43:36.851, 21008300724, vstest.console.dll, AssemblyResolver.AddSearchDirectories: Adding more searchDirectories C:\Program Files\dotnet\sdk\7.0.101\Extensions,C:\Program Files\dotnet\sdk\7.0.101
TpTrace Information: 0 : 6872, 1, 2023/01/08, 19:43:36.851, 21008302007, vstest.console.dll, AssemblyResolver.AddSearchDirectories: Adding more searchDirectories C:\Program Files\dotnet\sdk\7.0.101\Extensions,C:\Program Files\dotnet\sdk\7.0.101
TpTrace Information: 0 : 6872, 1, 2023/01/08, 19:43:36.851, 21008302964, vstest.console.dll, AssemblyResolver.AddSearchDirectories: Adding more searchDirectories C:\Program Files\dotnet\sdk\7.0.101\Extensions,C:\Program Files\dotnet\sdk\7.0.101
TpTrace Information: 0 : 6872, 1, 2023/01/08, 19:43:36.851, 21008303850, vstest.console.dll, AssemblyResolver.AddSearchDirectories: Adding more searchDirectories C:\Program Files\dotnet\sdk\7.0.101\Extensions,C:\Program Files\dotnet\sdk\7.0.101
TpTrace Information: 0 : 6872, 1, 2023/01/08, 19:43:36.851, 21008304738, vstest.console.dll, AssemblyResolver.AddSearchDirectories: Adding more searchDirectories C:\Program Files\dotnet\sdk\7.0.101\Extensions,C:\Program Files\dotnet\sdk\7.0.101
TpTrace Information: 0 : 6872, 1, 2023/01/08, 19:43:36.852, 21008318406, vstest.console.dll, AssemblyResolver.OnResolve: Microsoft.Diagnostics.NETCore.Client: Resolving assembly.
TpTrace Information: 0 : 6872, 1, 2023/01/08, 19:43:36.853, 21008321141, vstest.console.dll, AssemblyResolver.OnResolve: Microsoft.Diagnostics.NETCore.Client: Searching in: 'C:\Program Files\dotnet\sdk\7.0.101\Extensions'.
TpTrace Information: 0 : 6872, 1, 2023/01/08, 19:43:36.992, 21009715084, vstest.console.dll, AssemblyResolver.OnResolve: Microsoft.Diagnostics.NETCore.Client: Loading assembly 'C:\Program Files\dotnet\sdk\7.0.101\Extensions\Microsoft.Diagnostics.NETCore.Client.dll'.
TpTrace Information: 0 : 6872, 1, 2023/01/08, 19:43:37.002, 21009814054, vstest.console.dll, AssemblyResolver.OnResolve: Resolved assembly: Microsoft.Diagnostics.NETCore.Client, from path: C:\Program Files\dotnet\sdk\7.0.101\Extensions\Microsoft.Diagnostics.NETCore.Client.dll
TpTrace Verbose: 0 : 6872, 1, 2023/01/08, 19:43:37.007, 21009862420, vstest.console.dll, MetadataReaderExtensionsHelper: Discovering extensions inside assembly 'Microsoft.Diagnostics.NETCore.Client, Version=0.2.6.42401, Culture=neutral, PublicKeyToken=31bf3856ad364e35' file path 'C:\Program Files\dotnet\sdk\7.0.101\Extensions\Microsoft.Diagnostics.NETCore.Client.dll'
TpTrace Information: 0 : 6872, 1, 2023/01/08, 19:43:37.089, 21010688338, vstest.console.dll, AssemblyResolver.OnResolve: Microsoft.Bcl.AsyncInterfaces: Resolving assembly.
TpTrace Information: 0 : 6872, 1, 2023/01/08, 19:43:37.090, 21010691254, vstest.console.dll, AssemblyResolver.OnResolve: Microsoft.Bcl.AsyncInterfaces: Searching in: 'C:\Program Files\dotnet\sdk\7.0.101\Extensions'.
TpTrace Information: 0 : 6872, 1, 2023/01/08, 19:43:37.090, 21010694836, vstest.console.dll, AssemblyResolver.OnResolve: Microsoft.Bcl.AsyncInterfaces: Assembly path does not exist: 'C:\Program Files\dotnet\sdk\7.0.101\Extensions\Microsoft.Bcl.AsyncInterfaces.dll', returning.
TpTrace Information: 0 : 6872, 1, 2023/01/08, 19:43:37.090, 21010698855, vstest.console.dll, AssemblyResolver.OnResolve: Microsoft.Bcl.AsyncInterfaces: Assembly path does not exist: 'C:\Program Files\dotnet\sdk\7.0.101\Extensions\Microsoft.Bcl.AsyncInterfaces.exe', returning.
TpTrace Information: 0 : 6872, 1, 2023/01/08, 19:43:37.091, 21010700654, vstest.console.dll, AssemblyResolver.OnResolve: Microsoft.Bcl.AsyncInterfaces: Searching in: 'C:\Program Files\dotnet\sdk\7.0.101'.
TpTrace Information: 0 : 6872, 1, 2023/01/08, 19:43:37.091, 21010702762, vstest.console.dll, AssemblyResolver.OnResolve: Microsoft.Bcl.AsyncInterfaces: Assembly path does not exist: 'C:\Program Files\dotnet\sdk\7.0.101\Microsoft.Bcl.AsyncInterfaces.dll', returning.
TpTrace Information: 0 : 6872, 1, 2023/01/08, 19:43:37.091, 21010705563, vstest.console.dll, AssemblyResolver.OnResolve: Microsoft.Bcl.AsyncInterfaces: Assembly path does not exist: 'C:\Program Files\dotnet\sdk\7.0.101\Microsoft.Bcl.AsyncInterfaces.exe', returning.
TpTrace Information: 0 : 6872, 1, 2023/01/08, 19:43:37.091, 21010706472, vstest.console.dll, AssemblyResolver.OnResolve: Microsoft.Bcl.AsyncInterfaces: Failed to load assembly.
TpTrace Verbose: 0 : 6872, 1, 2023/01/08, 19:43:37.091, 21010707674, vstest.console.dll, CurrentDomainAssemblyResolve: Resolving assembly 'Microsoft.Bcl.AsyncInterfaces'.
TpTrace Information: 0 : 6872, 1, 2023/01/08, 19:43:37.092, 21010710174, vstest.console.dll, AssemblyResolver.OnResolve: Microsoft.Bcl.AsyncInterfaces: Resolving assembly.
TpTrace Information: 0 : 6872, 1, 2023/01/08, 19:43:37.092, 21010711448, vstest.console.dll, AssemblyResolver.OnResolve: Microsoft.Bcl.AsyncInterfaces: Resolved from cache.
TpTrace Verbose: 0 : 6872, 1, 2023/01/08, 19:43:37.092, 21010712279, vstest.console.dll, CurrentDomainAssemblyResolve: Resolving assembly 'Microsoft.Bcl.AsyncInterfaces'.
TpTrace Verbose: 0 : 6872, 1, 2023/01/08, 19:43:37.092, 21010714125, vstest.console.dll, CurrentDomainAssemblyResolve: Failed to resolve assembly 'Microsoft.Bcl.AsyncInterfaces'.
TpTrace Verbose: 0 : 6872, 1, 2023/01/08, 19:43:37.109, 21010883581, vstest.console.dll, CurrentDomainAssemblyResolve: Failed to resolve assembly 'Microsoft.Bcl.AsyncInterfaces'.
TpTrace Warning: 0 : 6872, 1, 2023/01/08, 19:43:37.260, 21012391840, vstest.console.dll, TestPluginDiscoverer: Failed to get types from assembly 'Microsoft.Diagnostics.NETCore.Client, Version=0.2.6.42401, Culture=neutral, PublicKeyToken=31bf3856ad364e35'. Error: System.Reflection.ReflectionTypeLoadException: Unable to load one or more of the requested types.
Could not load file or assembly 'Microsoft.Bcl.AsyncInterfaces, Version=1.0.0.0, Culture=neutral, PublicKeyToken=cc7b13ffcd2ddd51'. The system cannot find the file specified.
   at System.Reflection.RuntimeModule.GetTypes(RuntimeModule module)
   at System.Reflection.Assembly.GetTypes()
   at Microsoft.VisualStudio.TestPlatform.Common.ExtensionFramework.TestPluginDiscoverer.GetTestExtensionsFromAssembly[TPluginInfo,TExtension](Assembly assembly, Dictionary`2 pluginInfos, String filePath)
System.IO.FileNotFoundException: Could not load file or assembly 'Microsoft.Bcl.AsyncInterfaces, Version=1.0.0.0, Culture=neutral, PublicKeyToken=cc7b13ffcd2ddd51'. The system cannot find the file specified.
File name: 'Microsoft.Bcl.AsyncInterfaces, Version=1.0.0.0, Culture=neutral, PublicKeyToken=cc7b13ffcd2ddd51'
 ---> System.IO.FileNotFoundException: Could not load file or assembly 'Microsoft.Bcl.AsyncInterfaces, Culture=neutral, PublicKeyToken=null'. The system cannot find the file specified.
File name: 'Microsoft.Bcl.AsyncInterfaces, Culture=neutral, PublicKeyToken=null'
   at System.Reflection.RuntimeAssembly.InternalLoad(AssemblyName assemblyName, StackCrawlMark& stackMark, AssemblyLoadContext assemblyLoadContext, RuntimeAssembly requestingAssembly, Boolean throwOnFileNotFound)
   at System.Reflection.Assembly.Load(AssemblyName assemblyRef)
   at Microsoft.VisualStudio.TestPlatform.Common.ExtensionFramework.TestPluginCache.CurrentDomainAssemblyResolve(Object sender, AssemblyResolveEventArgs args)
   at System.Runtime.Loader.AssemblyLoadContext.GetFirstResolvedAssemblyFromResolvingEvent(AssemblyName assemblyName)
   at System.Runtime.Loader.AssemblyLoadContext.ResolveUsingEvent(AssemblyName assemblyName)
   at System.Runtime.Loader.AssemblyLoadContext.ResolveUsingResolvingEvent(IntPtr gchManagedAssemblyLoadContext, AssemblyName assemblyName)
TpTrace Warning: 0 : 6872, 1, 2023/01/08, 19:43:37.261, 21012407096, vstest.console.dll, LoaderExceptions: System.IO.FileNotFoundException: Could not load file or assembly 'Microsoft.Bcl.AsyncInterfaces, Version=1.0.0.0, Culture=neutral, PublicKeyToken=cc7b13ffcd2ddd51'. The system cannot find the file specified.
File name: 'Microsoft.Bcl.AsyncInterfaces, Version=1.0.0.0, Culture=neutral, PublicKeyToken=cc7b13ffcd2ddd51'
 ---> System.IO.FileNotFoundException: Could not load file or assembly 'Microsoft.Bcl.AsyncInterfaces, Culture=neutral, PublicKeyToken=null'. The system cannot find the file specified.
File name: 'Microsoft.Bcl.AsyncInterfaces, Culture=neutral, PublicKeyToken=null'
   at System.Reflection.RuntimeAssembly.InternalLoad(AssemblyName assemblyName, StackCrawlMark& stackMark, AssemblyLoadContext assemblyLoadContext, RuntimeAssembly requestingAssembly, Boolean throwOnFileNotFound)
   at System.Reflection.Assembly.Load(AssemblyName assemblyRef)
   at Microsoft.VisualStudio.TestPlatform.Common.ExtensionFramework.TestPluginCache.CurrentDomainAssemblyResolve(Object sender, AssemblyResolveEventArgs args)
   at System.Runtime.Loader.AssemblyLoadContext.GetFirstResolvedAssemblyFromResolvingEvent(AssemblyName assemblyName)
   at System.Runtime.Loader.AssemblyLoadContext.ResolveUsingEvent(AssemblyName assemblyName)
   at System.Runtime.Loader.AssemblyLoadContext.ResolveUsingResolvingEvent(IntPtr gchManagedAssemblyLoadContext, AssemblyName assemblyName)
TpTrace Information: 0 : 6872, 1, 2023/01/08, 19:43:37.262, 21012414742, vstest.console.dll, AssemblyResolver.OnResolve: Microsoft.TestPlatform.Extensions.BlameDataCollector: Resolving assembly.
TpTrace Information: 0 : 6872, 1, 2023/01/08, 19:43:37.262, 21012416301, vstest.console.dll, AssemblyResolver.OnResolve: Microsoft.TestPlatform.Extensions.BlameDataCollector: Searching in: 'C:\Program Files\dotnet\sdk\7.0.101\Extensions'.
TpTrace Information: 0 : 6872, 1, 2023/01/08, 19:43:37.272, 21012511452, vstest.console.dll, AssemblyResolver.OnResolve: Microsoft.TestPlatform.Extensions.BlameDataCollector: Loading assembly 'C:\Program Files\dotnet\sdk\7.0.101\Extensions\Microsoft.TestPlatform.Extensions.BlameDataCollector.dll'.
TpTrace Information: 0 : 6872, 1, 2023/01/08, 19:43:37.274, 21012538856, vstest.console.dll, AssemblyResolver.OnResolve: Resolved assembly: Microsoft.TestPlatform.Extensions.BlameDataCollector, from path: C:\Program Files\dotnet\sdk\7.0.101\Extensions\Microsoft.TestPlatform.Extensions.BlameDataCollector.dll
TpTrace Verbose: 0 : 6872, 1, 2023/01/08, 19:43:37.275, 21012542158, vstest.console.dll, MetadataReaderExtensionsHelper: Discovering extensions inside assembly 'Microsoft.TestPlatform.Extensions.BlameDataCollector, Version=15.0.0.0, Culture=neutral, PublicKeyToken=b03f5f7f11d50a3a' file path 'C:\Program Files\dotnet\sdk\7.0.101\Extensions\Microsoft.TestPlatform.Extensions.BlameDataCollector.dll'
TpTrace Information: 0 : 6872, 1, 2023/01/08, 19:43:37.280, 21012593596, vstest.console.dll, AssemblyResolver.OnResolve: Microsoft.TestPlatform.Extensions.EventLogCollector: Resolving assembly.
TpTrace Information: 0 : 6872, 1, 2023/01/08, 19:43:37.280, 21012596209, vstest.console.dll, AssemblyResolver.OnResolve: Microsoft.TestPlatform.Extensions.EventLogCollector: Searching in: 'C:\Program Files\dotnet\sdk\7.0.101\Extensions'.
TpTrace Information: 0 : 6872, 1, 2023/01/08, 19:43:37.283, 21012621660, vstest.console.dll, AssemblyResolver.OnResolve: Microsoft.TestPlatform.Extensions.EventLogCollector: Loading assembly 'C:\Program Files\dotnet\sdk\7.0.101\Extensions\Microsoft.TestPlatform.Extensions.EventLogCollector.dll'.
TpTrace Information: 0 : 6872, 1, 2023/01/08, 19:43:37.285, 21012642229, vstest.console.dll, AssemblyResolver.OnResolve: Resolved assembly: Microsoft.TestPlatform.Extensions.EventLogCollector, from path: C:\Program Files\dotnet\sdk\7.0.101\Extensions\Microsoft.TestPlatform.Extensions.EventLogCollector.dll
TpTrace Verbose: 0 : 6872, 1, 2023/01/08, 19:43:37.285, 21012645289, vstest.console.dll, MetadataReaderExtensionsHelper: Discovering extensions inside assembly 'Microsoft.TestPlatform.Extensions.EventLogCollector, Version=15.0.0.0, Culture=neutral, PublicKeyToken=b03f5f7f11d50a3a' file path 'C:\Program Files\dotnet\sdk\7.0.101\Extensions\Microsoft.TestPlatform.Extensions.EventLogCollector.dll'
TpTrace Information: 0 : 6872, 1, 2023/01/08, 19:43:37.319, 21012989268, vstest.console.dll, AssemblyResolver.OnResolve: Microsoft.TestPlatform.TestHostRuntimeProvider: Resolving assembly.
TpTrace Information: 0 : 6872, 1, 2023/01/08, 19:43:37.320, 21012991824, vstest.console.dll, AssemblyResolver.OnResolve: Microsoft.TestPlatform.TestHostRuntimeProvider: Searching in: 'C:\Program Files\dotnet\sdk\7.0.101\Extensions'.
TpTrace Information: 0 : 6872, 1, 2023/01/08, 19:43:37.323, 21013025073, vstest.console.dll, AssemblyResolver.OnResolve: Microsoft.TestPlatform.TestHostRuntimeProvider: Loading assembly 'C:\Program Files\dotnet\sdk\7.0.101\Extensions\Microsoft.TestPlatform.TestHostRuntimeProvider.dll'.
TpTrace Information: 0 : 6872, 1, 2023/01/08, 19:43:37.326, 21013053923, vstest.console.dll, AssemblyResolver.OnResolve: Resolved assembly: Microsoft.TestPlatform.TestHostRuntimeProvider, from path: C:\Program Files\dotnet\sdk\7.0.101\Extensions\Microsoft.TestPlatform.TestHostRuntimeProvider.dll
TpTrace Verbose: 0 : 6872, 1, 2023/01/08, 19:43:37.326, 21013057722, vstest.console.dll, MetadataReaderExtensionsHelper: Discovering extensions inside assembly 'Microsoft.TestPlatform.TestHostRuntimeProvider, Version=15.0.0.0, Culture=neutral, PublicKeyToken=b03f5f7f11d50a3a' file path 'C:\Program Files\dotnet\sdk\7.0.101\Extensions\Microsoft.TestPlatform.TestHostRuntimeProvider.dll'
TpTrace Information: 0 : 6872, 1, 2023/01/08, 19:43:37.334, 21013137691, vstest.console.dll, GetTestExtensionFromType: Register extension with identifier data 'HostProvider://DefaultTestHost' and type 'Microsoft.VisualStudio.TestPlatform.CrossPlatEngine.Hosting.DefaultTestHostManager, Microsoft.TestPlatform.TestHostRuntimeProvider, Version=15.0.0.0, Culture=neutral, PublicKeyToken=b03f5f7f11d50a3a' inside file 'C:\Program Files\dotnet\sdk\7.0.101\Extensions\Microsoft.TestPlatform.TestHostRuntimeProvider.dll'
TpTrace Information: 0 : 6872, 1, 2023/01/08, 19:43:37.335, 21013148270, vstest.console.dll, GetTestExtensionFromType: Register extension with identifier data 'HostProvider://DotnetTestHost' and type 'Microsoft.VisualStudio.TestPlatform.CrossPlatEngine.Hosting.DotnetTestHostManager, Microsoft.TestPlatform.TestHostRuntimeProvider, Version=15.0.0.0, Culture=neutral, PublicKeyToken=b03f5f7f11d50a3a' inside file 'C:\Program Files\dotnet\sdk\7.0.101\Extensions\Microsoft.TestPlatform.TestHostRuntimeProvider.dll'
TpTrace Information: 0 : 6872, 1, 2023/01/08, 19:43:37.336, 21013151355, vstest.console.dll, AssemblyResolver.OnResolve: Microsoft.VisualStudio.TestPlatform.Extensions.Html.TestLogger: Resolving assembly.
TpTrace Information: 0 : 6872, 1, 2023/01/08, 19:43:37.336, 21013152632, vstest.console.dll, AssemblyResolver.OnResolve: Microsoft.VisualStudio.TestPlatform.Extensions.Html.TestLogger: Searching in: 'C:\Program Files\dotnet\sdk\7.0.101\Extensions'.
TpTrace Information: 0 : 6872, 1, 2023/01/08, 19:43:37.339, 21013185840, vstest.console.dll, AssemblyResolver.OnResolve: Microsoft.VisualStudio.TestPlatform.Extensions.Html.TestLogger: Loading assembly 'C:\Program Files\dotnet\sdk\7.0.101\Extensions\Microsoft.VisualStudio.TestPlatform.Extensions.Html.TestLogger.dll'.
TpTrace Information: 0 : 6872, 1, 2023/01/08, 19:43:37.341, 21013207137, vstest.console.dll, AssemblyResolver.OnResolve: Resolved assembly: Microsoft.VisualStudio.TestPlatform.Extensions.Html.TestLogger, from path: C:\Program Files\dotnet\sdk\7.0.101\Extensions\Microsoft.VisualStudio.TestPlatform.Extensions.Html.TestLogger.dll
TpTrace Verbose: 0 : 6872, 1, 2023/01/08, 19:43:37.342, 21013210136, vstest.console.dll, MetadataReaderExtensionsHelper: Discovering extensions inside assembly 'Microsoft.VisualStudio.TestPlatform.Extensions.Html.TestLogger, Version=15.0.0.0, Culture=neutral, PublicKeyToken=b03f5f7f11d50a3a' file path 'C:\Program Files\dotnet\sdk\7.0.101\Extensions\Microsoft.VisualStudio.TestPlatform.Extensions.Html.TestLogger.dll'
TpTrace Information: 0 : 6872, 1, 2023/01/08, 19:43:37.345, 21013240561, vstest.console.dll, AssemblyResolver.OnResolve: Microsoft.VisualStudio.TestPlatform.Extensions.Trx.TestLogger: Resolving assembly.
TpTrace Information: 0 : 6872, 1, 2023/01/08, 19:43:37.345, 21013243618, vstest.console.dll, AssemblyResolver.OnResolve: Microsoft.VisualStudio.TestPlatform.Extensions.Trx.TestLogger: Searching in: 'C:\Program Files\dotnet\sdk\7.0.101\Extensions'.
TpTrace Information: 0 : 6872, 1, 2023/01/08, 19:43:37.350, 21013289692, vstest.console.dll, AssemblyResolver.OnResolve: Microsoft.VisualStudio.TestPlatform.Extensions.Trx.TestLogger: Loading assembly 'C:\Program Files\dotnet\sdk\7.0.101\Extensions\Microsoft.VisualStudio.TestPlatform.Extensions.Trx.TestLogger.dll'.
TpTrace Information: 0 : 6872, 1, 2023/01/08, 19:43:37.353, 21013320485, vstest.console.dll, AssemblyResolver.OnResolve: Resolved assembly: Microsoft.VisualStudio.TestPlatform.Extensions.Trx.TestLogger, from path: C:\Program Files\dotnet\sdk\7.0.101\Extensions\Microsoft.VisualStudio.TestPlatform.Extensions.Trx.TestLogger.dll
TpTrace Verbose: 0 : 6872, 1, 2023/01/08, 19:43:37.353, 21013324682, vstest.console.dll, MetadataReaderExtensionsHelper: Discovering extensions inside assembly 'Microsoft.VisualStudio.TestPlatform.Extensions.Trx.TestLogger, Version=15.0.0.0, Culture=neutral, PublicKeyToken=b03f5f7f11d50a3a' file path 'C:\Program Files\dotnet\sdk\7.0.101\Extensions\Microsoft.VisualStudio.TestPlatform.Extensions.Trx.TestLogger.dll'
TpTrace Verbose: 0 : 6872, 1, 2023/01/08, 19:43:37.390, 21013695200, vstest.console.dll, TestPluginCache: Discovered the extensions using extension path ''.
TpTrace Verbose: 0 : 6872, 1, 2023/01/08, 19:43:37.390, 21013698447, vstest.console.dll, TestPluginCache: Discoverers are ''.
TpTrace Verbose: 0 : 6872, 1, 2023/01/08, 19:43:37.391, 21013699619, vstest.console.dll, TestPluginCache: Executors are ''.
TpTrace Verbose: 0 : 6872, 1, 2023/01/08, 19:43:37.391, 21013700399, vstest.console.dll, TestPluginCache: Executors2 are ''.
TpTrace Verbose: 0 : 6872, 1, 2023/01/08, 19:43:37.391, 21013701155, vstest.console.dll, TestPluginCache: Setting providers are ''.
TpTrace Verbose: 0 : 6872, 1, 2023/01/08, 19:43:37.391, 21013702612, vstest.console.dll, TestPluginCache: Loggers are ''.
TpTrace Verbose: 0 : 6872, 1, 2023/01/08, 19:43:37.391, 21013706883, vstest.console.dll, TestPluginCache: TestHosts are 'HostProvider://DefaultTestHost,HostProvider://DotnetTestHost'.
TpTrace Verbose: 0 : 6872, 1, 2023/01/08, 19:43:37.391, 21013708303, vstest.console.dll, TestPluginCache: DataCollectors are ''.
TpTrace Information: 0 : 6872, 1, 2023/01/08, 19:43:37.508, 21014878541, vstest.console.dll, RunTestsArgumentProcessor:Execute: Test run is starting.
TpTrace Verbose: 0 : 6872, 1, 2023/01/08, 19:43:37.509, 21014881042, vstest.console.dll, RunTestsArgumentProcessor:Execute: Queuing Test run.
TpTrace Information: 0 : 6872, 1, 2023/01/08, 19:43:37.510, 21014897143, vstest.console.dll, TestRequestManager.RunTests: run tests started.
TpTrace Information: 0 : 6872, 1, 2023/01/08, 19:43:37.517, 21014968662, vstest.console.dll, AssemblyMetadataProvider.GetFrameworkName: Determined framework:'.NETCoreApp,Version=v6.0' for source: 'C:\Users\User\Desktop\Svetlina\12\Exam\05.Working-with-Legacy-Code-Exam-Solutions\ChatRoom.Tests\bin\Debug\net6.0\fine-code-coverage\build-output\ChatRoom.Tests.dll'
TpTrace Information: 0 : 6872, 1, 2023/01/08, 19:43:37.518, 21014977624, vstest.console.dll, Determined framework for all sources: .NETCoreApp,Version=v6.0
TpTrace Verbose: 0 : 6872, 1, 2023/01/08, 19:43:37.521, 21015006925, vstest.console.dll, TestRequestManager.UpdateRunSettingsIfRequired: Default architecture: X64 IsDefaultTargetArchitecture: True, Current process architecture: X64 OperatingSystem: Windows.
TpTrace Information: 0 : 6872, 1, 2023/01/08, 19:43:37.528, 21015070011, vstest.console.dll, AssemblyMetadataProvider.GetArchitecture: Determined architecture:AnyCPU info for assembly: C:\Users\User\Desktop\Svetlina\12\Exam\05.Working-with-Legacy-Code-Exam-Solutions\ChatRoom.Tests\bin\Debug\net6.0\fine-code-coverage\build-output\ChatRoom.Tests.dll
TpTrace Information: 0 : 6872, 1, 2023/01/08, 19:43:37.528, 21015072030, vstest.console.dll, Determined platform for source 'C:\Users\User\Desktop\Svetlina\12\Exam\05.Working-with-Legacy-Code-Exam-Solutions\ChatRoom.Tests\bin\Debug\net6.0\fine-code-coverage\build-output\ChatRoom.Tests.dll' was AnyCPU and it will use the default plaform X64.
TpTrace Information: 0 : 6872, 1, 2023/01/08, 19:43:37.528, 21015072961, vstest.console.dll, None of the sources provided any runnable platform, using the default platform: X64
TpTrace Information: 0 : 6872, 1, 2023/01/08, 19:43:37.528, 21015075703, vstest.console.dll, Platform was updated to 'X64'.
TpTrace Information: 0 : 6872, 1, 2023/01/08, 19:43:37.581, 21015604029, vstest.console.dll, InferRunSettingsHelper.IsTestSettingsEnabled: Unable to navigate to RunSettings/MSTest. Current node: RunSettings
TpTrace Information: 0 : 6872, 1, 2023/01/08, 19:43:37.584, 21015633903, vstest.console.dll, AssemblyResolver.OnResolve: Microsoft.VisualStudio.TestPlatform.Fakes: Resolving assembly.
TpTrace Information: 0 : 6872, 1, 2023/01/08, 19:43:37.584, 21015637061, vstest.console.dll, AssemblyResolver.OnResolve: Microsoft.VisualStudio.TestPlatform.Fakes: Searching in: 'C:\Program Files\dotnet\sdk\7.0.101\Extensions'.
TpTrace Information: 0 : 6872, 1, 2023/01/08, 19:43:37.585, 21015639764, vstest.console.dll, AssemblyResolver.OnResolve: Microsoft.VisualStudio.TestPlatform.Fakes: Assembly path does not exist: 'C:\Program Files\dotnet\sdk\7.0.101\Extensions\Microsoft.VisualStudio.TestPlatform.Fakes.dll', returning.
TpTrace Information: 0 : 6872, 1, 2023/01/08, 19:43:37.585, 21015641978, vstest.console.dll, AssemblyResolver.OnResolve: Microsoft.VisualStudio.TestPlatform.Fakes: Assembly path does not exist: 'C:\Program Files\dotnet\sdk\7.0.101\Extensions\Microsoft.VisualStudio.TestPlatform.Fakes.exe', returning.
TpTrace Information: 0 : 6872, 1, 2023/01/08, 19:43:37.585, 21015643023, vstest.console.dll, AssemblyResolver.OnResolve: Microsoft.VisualStudio.TestPlatform.Fakes: Searching in: 'C:\Program Files\dotnet\sdk\7.0.101'.
TpTrace Information: 0 : 6872, 1, 2023/01/08, 19:43:37.585, 21015644850, vstest.console.dll, AssemblyResolver.OnResolve: Microsoft.VisualStudio.TestPlatform.Fakes: Assembly path does not exist: 'C:\Program Files\dotnet\sdk\7.0.101\Microsoft.VisualStudio.TestPlatform.Fakes.dll', returning.
TpTrace Information: 0 : 6872, 1, 2023/01/08, 19:43:37.585, 21015647496, vstest.console.dll, AssemblyResolver.OnResolve: Microsoft.VisualStudio.TestPlatform.Fakes: Assembly path does not exist: 'C:\Program Files\dotnet\sdk\7.0.101\Microsoft.VisualStudio.TestPlatform.Fakes.exe', returning.
TpTrace Information: 0 : 6872, 1, 2023/01/08, 19:43:37.585, 21015648457, vstest.console.dll, AssemblyResolver.OnResolve: Microsoft.VisualStudio.TestPlatform.Fakes: Failed to load assembly.
TpTrace Information: 0 : 6872, 1, 2023/01/08, 19:43:37.586, 21015656084, vstest.console.dll, Failed to load assembly Microsoft.VisualStudio.TestPlatform.Fakes, Version=17.0.0.0, Culture=neutral. Reason:System.IO.FileNotFoundException: Could not load file or assembly 'Microsoft.VisualStudio.TestPlatform.Fakes, Version=17.0.0.0, Culture=neutral, PublicKeyToken=null'. The system cannot find the file specified.
File name: 'Microsoft.VisualStudio.TestPlatform.Fakes, Version=17.0.0.0, Culture=neutral, PublicKeyToken=null'
   at System.Reflection.RuntimeAssembly.InternalLoad(AssemblyName assemblyName, StackCrawlMark& stackMark, AssemblyLoadContext assemblyLoadContext, RuntimeAssembly requestingAssembly, Boolean throwOnFileNotFound)
   at System.Reflection.Assembly.Load(AssemblyName assemblyRef)
   at Microsoft.VisualStudio.TestPlatform.Common.Utilities.FakesUtilities.LoadTestPlatformAssembly()
TpTrace Verbose: 0 : 6872, 1, 2023/01/08, 19:43:37.707, 21016865522, vstest.console.dll, TestPluginCache.DiscoverTestExtensions: finding test extensions in assemblies ends with: TestLogger.dll TPluginInfo: Microsoft.VisualStudio.TestPlatform.Common.ExtensionFramework.Utilities.TestLoggerPluginInformation TExtension: Microsoft.VisualStudio.TestPlatform.ObjectModel.Client.ITestLogger
TpTrace Verbose: 0 : 6872, 1, 2023/01/08, 19:43:37.708, 21016870066, vstest.console.dll, TestPluginCache.GetExtensionPaths: Filtered extension paths: 
TpTrace Verbose: 0 : 6872, 1, 2023/01/08, 19:43:37.708, 21016871394, vstest.console.dll, TestPluginCache.GetExtensionPaths: Added default extension paths: C:\Program Files\dotnet\sdk\7.0.101\Extensions\Microsoft.Diagnostics.NETCore.Client.dll
C:\Program Files\dotnet\sdk\7.0.101\Extensions\Microsoft.TestPlatform.Extensions.BlameDataCollector.dll
C:\Program Files\dotnet\sdk\7.0.101\Extensions\Microsoft.TestPlatform.Extensions.EventLogCollector.dll
C:\Program Files\dotnet\sdk\7.0.101\Extensions\Microsoft.TestPlatform.TestHostRuntimeProvider.dll
C:\Program Files\dotnet\sdk\7.0.101\Extensions\Microsoft.VisualStudio.TestPlatform.Extensions.Html.TestLogger.dll
C:\Program Files\dotnet\sdk\7.0.101\Extensions\Microsoft.VisualStudio.TestPlatform.Extensions.Trx.TestLogger.dll
TpTrace Verbose: 0 : 6872, 1, 2023/01/08, 19:43:37.708, 21016872415, vstest.console.dll, TestPluginCache.GetExtensionPaths: Added unfilterableExtensionPaths: 
TpTrace Information: 0 : 6872, 1, 2023/01/08, 19:43:37.708, 21016876285, vstest.console.dll, AssemblyResolver.AddSearchDirectories: Adding more searchDirectories C:\Program Files\dotnet\sdk\7.0.101\Extensions,C:\Program Files\dotnet\sdk\7.0.101
TpTrace Verbose: 0 : 6872, 1, 2023/01/08, 19:43:37.708, 21016877724, vstest.console.dll, TestPluginCache.DiscoverTestExtensions: Discovering the extensions using extension path.
TpTrace Verbose: 0 : 6872, 1, 2023/01/08, 19:43:37.708, 21016878778, vstest.console.dll, TestPluginCache.GetExtensionPaths: Filtered extension paths: 
TpTrace Verbose: 0 : 6872, 1, 2023/01/08, 19:43:37.709, 21016879746, vstest.console.dll, TestPluginCache.GetExtensionPaths: Added default extension paths: C:\Program Files\dotnet\sdk\7.0.101\Extensions\Microsoft.Diagnostics.NETCore.Client.dll
C:\Program Files\dotnet\sdk\7.0.101\Extensions\Microsoft.TestPlatform.Extensions.BlameDataCollector.dll
C:\Program Files\dotnet\sdk\7.0.101\Extensions\Microsoft.TestPlatform.Extensions.EventLogCollector.dll
C:\Program Files\dotnet\sdk\7.0.101\Extensions\Microsoft.TestPlatform.TestHostRuntimeProvider.dll
C:\Program Files\dotnet\sdk\7.0.101\Extensions\Microsoft.VisualStudio.TestPlatform.Extensions.Html.TestLogger.dll
C:\Program Files\dotnet\sdk\7.0.101\Extensions\Microsoft.VisualStudio.TestPlatform.Extensions.Trx.TestLogger.dll
TpTrace Verbose: 0 : 6872, 1, 2023/01/08, 19:43:37.709, 21016880641, vstest.console.dll, TestPluginCache.GetExtensionPaths: Added unfilterableExtensionPaths: 
TpTrace Verbose: 0 : 6872, 1, 2023/01/08, 19:43:37.709, 21016881588, vstest.console.dll, TestPluginCache.DiscoverTestExtensions: Discovering the extensions using allExtensionPaths: C:\Program Files\dotnet\sdk\7.0.101\Extensions\Microsoft.Diagnostics.NETCore.Client.dll
C:\Program Files\dotnet\sdk\7.0.101\Extensions\Microsoft.TestPlatform.Extensions.BlameDataCollector.dll
C:\Program Files\dotnet\sdk\7.0.101\Extensions\Microsoft.TestPlatform.Extensions.EventLogCollector.dll
C:\Program Files\dotnet\sdk\7.0.101\Extensions\Microsoft.TestPlatform.TestHostRuntimeProvider.dll
C:\Program Files\dotnet\sdk\7.0.101\Extensions\Microsoft.VisualStudio.TestPlatform.Extensions.Html.TestLogger.dll
C:\Program Files\dotnet\sdk\7.0.101\Extensions\Microsoft.VisualStudio.TestPlatform.Extensions.Trx.TestLogger.dll
TpTrace Information: 0 : 6872, 1, 2023/01/08, 19:43:37.709, 21016884672, vstest.console.dll, AssemblyResolver.AddSearchDirectories: Adding more searchDirectories C:\Program Files\dotnet\sdk\7.0.101\Extensions,C:\Program Files\dotnet\sdk\7.0.101
TpTrace Information: 0 : 6872, 1, 2023/01/08, 19:43:37.709, 21016885990, vstest.console.dll, AssemblyResolver.AddSearchDirectories: Adding more searchDirectories C:\Program Files\dotnet\sdk\7.0.101\Extensions,C:\Program Files\dotnet\sdk\7.0.101
TpTrace Information: 0 : 6872, 1, 2023/01/08, 19:43:37.709, 21016886969, vstest.console.dll, AssemblyResolver.AddSearchDirectories: Adding more searchDirectories C:\Program Files\dotnet\sdk\7.0.101\Extensions,C:\Program Files\dotnet\sdk\7.0.101
TpTrace Information: 0 : 6872, 1, 2023/01/08, 19:43:37.709, 21016887892, vstest.console.dll, AssemblyResolver.AddSearchDirectories: Adding more searchDirectories C:\Program Files\dotnet\sdk\7.0.101\Extensions,C:\Program Files\dotnet\sdk\7.0.101
TpTrace Information: 0 : 6872, 1, 2023/01/08, 19:43:37.709, 21016888852, vstest.console.dll, AssemblyResolver.AddSearchDirectories: Adding more searchDirectories C:\Program Files\dotnet\sdk\7.0.101\Extensions,C:\Program Files\dotnet\sdk\7.0.101
TpTrace Information: 0 : 6872, 1, 2023/01/08, 19:43:37.710, 21016889768, vstest.console.dll, AssemblyResolver.AddSearchDirectories: Adding more searchDirectories C:\Program Files\dotnet\sdk\7.0.101\Extensions,C:\Program Files\dotnet\sdk\7.0.101
TpTrace Verbose: 0 : 6872, 1, 2023/01/08, 19:43:37.710, 21016892690, vstest.console.dll, MetadataReaderExtensionsHelper: Discovering extensions inside assembly 'Microsoft.Diagnostics.NETCore.Client, Version=0.2.6.42401, Culture=neutral, PublicKeyToken=31bf3856ad364e35' file path 'C:\Program Files\dotnet\sdk\7.0.101\Extensions\Microsoft.Diagnostics.NETCore.Client.dll'
TpTrace Information: 0 : 6872, 1, 2023/01/08, 19:43:37.712, 21016910316, vstest.console.dll, AssemblyResolver.OnResolve: Microsoft.Bcl.AsyncInterfaces: Resolving assembly.
TpTrace Information: 0 : 6872, 1, 2023/01/08, 19:43:37.712, 21016912364, vstest.console.dll, AssemblyResolver.OnResolve: Microsoft.Bcl.AsyncInterfaces: Resolved from cache.
TpTrace Verbose: 0 : 6872, 1, 2023/01/08, 19:43:37.712, 21016913292, vstest.console.dll, CurrentDomainAssemblyResolve: Resolving assembly 'Microsoft.Bcl.AsyncInterfaces'.
TpTrace Information: 0 : 6872, 1, 2023/01/08, 19:43:37.712, 21016914610, vstest.console.dll, AssemblyResolver.OnResolve: Microsoft.Bcl.AsyncInterfaces: Resolving assembly.
TpTrace Information: 0 : 6872, 1, 2023/01/08, 19:43:37.712, 21016915508, vstest.console.dll, AssemblyResolver.OnResolve: Microsoft.Bcl.AsyncInterfaces: Resolved from cache.
TpTrace Verbose: 0 : 6872, 1, 2023/01/08, 19:43:37.712, 21016916366, vstest.console.dll, CurrentDomainAssemblyResolve: Resolving assembly 'Microsoft.Bcl.AsyncInterfaces'.
TpTrace Verbose: 0 : 6872, 1, 2023/01/08, 19:43:37.712, 21016917186, vstest.console.dll, CurrentDomainAssemblyResolve: Failed to resolve assembly 'Microsoft.Bcl.AsyncInterfaces'.
TpTrace Verbose: 0 : 6872, 1, 2023/01/08, 19:43:37.713, 21016920725, vstest.console.dll, CurrentDomainAssemblyResolve: Failed to resolve assembly 'Microsoft.Bcl.AsyncInterfaces'.
TpTrace Warning: 0 : 6872, 1, 2023/01/08, 19:43:37.714, 21016929756, vstest.console.dll, TestPluginDiscoverer: Failed to get types from assembly 'Microsoft.Diagnostics.NETCore.Client, Version=0.2.6.42401, Culture=neutral, PublicKeyToken=31bf3856ad364e35'. Error: System.Reflection.ReflectionTypeLoadException: Unable to load one or more of the requested types.
Could not load file or assembly 'Microsoft.Bcl.AsyncInterfaces, Version=1.0.0.0, Culture=neutral, PublicKeyToken=cc7b13ffcd2ddd51'. The system cannot find the file specified.
   at System.Reflection.RuntimeModule.GetTypes(RuntimeModule module)
   at System.Reflection.Assembly.GetTypes()
   at Microsoft.VisualStudio.TestPlatform.Common.ExtensionFramework.TestPluginDiscoverer.GetTestExtensionsFromAssembly[TPluginInfo,TExtension](Assembly assembly, Dictionary`2 pluginInfos, String filePath)
System.IO.FileNotFoundException: Could not load file or assembly 'Microsoft.Bcl.AsyncInterfaces, Version=1.0.0.0, Culture=neutral, PublicKeyToken=cc7b13ffcd2ddd51'. The system cannot find the file specified.
File name: 'Microsoft.Bcl.AsyncInterfaces, Version=1.0.0.0, Culture=neutral, PublicKeyToken=cc7b13ffcd2ddd51'
 ---> System.IO.FileNotFoundException: Could not load file or assembly 'Microsoft.Bcl.AsyncInterfaces, Culture=neutral, PublicKeyToken=null'. The system cannot find the file specified.
File name: 'Microsoft.Bcl.AsyncInterfaces, Culture=neutral, PublicKeyToken=null'
   at System.Reflection.RuntimeAssembly.InternalLoad(AssemblyName assemblyName, StackCrawlMark& stackMark, AssemblyLoadContext assemblyLoadContext, RuntimeAssembly requestingAssembly, Boolean throwOnFileNotFound)
   at System.Reflection.Assembly.Load(AssemblyName assemblyRef)
   at Microsoft.VisualStudio.TestPlatform.Common.ExtensionFramework.TestPluginCache.CurrentDomainAssemblyResolve(Object sender, AssemblyResolveEventArgs args)
   at System.Runtime.Loader.AssemblyLoadContext.GetFirstResolvedAssemblyFromResolvingEvent(AssemblyName assemblyName)
   at System.Runtime.Loader.AssemblyLoadContext.ResolveUsingEvent(AssemblyName assemblyName)
   at System.Runtime.Loader.AssemblyLoadContext.ResolveUsingResolvingEvent(IntPtr gchManagedAssemblyLoadContext, AssemblyName assemblyName)
TpTrace Warning: 0 : 6872, 1, 2023/01/08, 19:43:37.714, 21016934268, vstest.console.dll, LoaderExceptions: System.IO.FileNotFoundException: Could not load file or assembly 'Microsoft.Bcl.AsyncInterfaces, Version=1.0.0.0, Culture=neutral, PublicKeyToken=cc7b13ffcd2ddd51'. The system cannot find the file specified.
File name: 'Microsoft.Bcl.AsyncInterfaces, Version=1.0.0.0, Culture=neutral, PublicKeyToken=cc7b13ffcd2ddd51'
 ---> System.IO.FileNotFoundException: Could not load file or assembly 'Microsoft.Bcl.AsyncInterfaces, Culture=neutral, PublicKeyToken=null'. The system cannot find the file specified.
File name: 'Microsoft.Bcl.AsyncInterfaces, Culture=neutral, PublicKeyToken=null'
   at System.Reflection.RuntimeAssembly.InternalLoad(AssemblyName assemblyName, StackCrawlMark& stackMark, AssemblyLoadContext assemblyLoadContext, RuntimeAssembly requestingAssembly, Boolean throwOnFileNotFound)
   at System.Reflection.Assembly.Load(AssemblyName assemblyRef)
   at Microsoft.VisualStudio.TestPlatform.Common.ExtensionFramework.TestPluginCache.CurrentDomainAssemblyResolve(Object sender, AssemblyResolveEventArgs args)
   at System.Runtime.Loader.AssemblyLoadContext.GetFirstResolvedAssemblyFromResolvingEvent(AssemblyName assemblyName)
   at System.Runtime.Loader.AssemblyLoadContext.ResolveUsingEvent(AssemblyName assemblyName)
   at System.Runtime.Loader.AssemblyLoadContext.ResolveUsingResolvingEvent(IntPtr gchManagedAssemblyLoadContext, AssemblyName assemblyName)
TpTrace Verbose: 0 : 6872, 1, 2023/01/08, 19:43:37.714, 21016936698, vstest.console.dll, MetadataReaderExtensionsHelper: Discovering extensions inside assembly 'Microsoft.TestPlatform.Extensions.BlameDataCollector, Version=15.0.0.0, Culture=neutral, PublicKeyToken=b03f5f7f11d50a3a' file path 'C:\Program Files\dotnet\sdk\7.0.101\Extensions\Microsoft.TestPlatform.Extensions.BlameDataCollector.dll'
TpTrace Information: 0 : 6872, 1, 2023/01/08, 19:43:37.716, 21016955051, vstest.console.dll, GetTestExtensionFromType: Register extension with identifier data 'logger://Microsoft/TestPlatform/Extensions/Blame/v1' and type 'Microsoft.TestPlatform.Extensions.BlameDataCollector.BlameLogger, Microsoft.TestPlatform.Extensions.BlameDataCollector, Version=15.0.0.0, Culture=neutral, PublicKeyToken=b03f5f7f11d50a3a' inside file 'C:\Program Files\dotnet\sdk\7.0.101\Extensions\Microsoft.TestPlatform.Extensions.BlameDataCollector.dll'
TpTrace Verbose: 0 : 6872, 1, 2023/01/08, 19:43:37.716, 21016957622, vstest.console.dll, MetadataReaderExtensionsHelper: Discovering extensions inside assembly 'Microsoft.TestPlatform.Extensions.EventLogCollector, Version=15.0.0.0, Culture=neutral, PublicKeyToken=b03f5f7f11d50a3a' file path 'C:\Program Files\dotnet\sdk\7.0.101\Extensions\Microsoft.TestPlatform.Extensions.EventLogCollector.dll'
TpTrace Verbose: 0 : 6872, 1, 2023/01/08, 19:43:37.718, 21016974584, vstest.console.dll, MetadataReaderExtensionsHelper: Discovering extensions inside assembly 'Microsoft.TestPlatform.TestHostRuntimeProvider, Version=15.0.0.0, Culture=neutral, PublicKeyToken=b03f5f7f11d50a3a' file path 'C:\Program Files\dotnet\sdk\7.0.101\Extensions\Microsoft.TestPlatform.TestHostRuntimeProvider.dll'
TpTrace Verbose: 0 : 6872, 1, 2023/01/08, 19:43:37.720, 21016990751, vstest.console.dll, MetadataReaderExtensionsHelper: Discovering extensions inside assembly 'Microsoft.VisualStudio.TestPlatform.Extensions.Html.TestLogger, Version=15.0.0.0, Culture=neutral, PublicKeyToken=b03f5f7f11d50a3a' file path 'C:\Program Files\dotnet\sdk\7.0.101\Extensions\Microsoft.VisualStudio.TestPlatform.Extensions.Html.TestLogger.dll'
TpTrace Information: 0 : 6872, 1, 2023/01/08, 19:43:37.722, 21017013214, vstest.console.dll, GetTestExtensionFromType: Register extension with identifier data 'logger://Microsoft/TestPlatform/HtmlLogger/v1' and type 'Microsoft.VisualStudio.TestPlatform.Extensions.HtmlLogger.HtmlLogger, Microsoft.VisualStudio.TestPlatform.Extensions.Html.TestLogger, Version=15.0.0.0, Culture=neutral, PublicKeyToken=b03f5f7f11d50a3a' inside file 'C:\Program Files\dotnet\sdk\7.0.101\Extensions\Microsoft.VisualStudio.TestPlatform.Extensions.Html.TestLogger.dll'
TpTrace Verbose: 0 : 6872, 1, 2023/01/08, 19:43:37.722, 21017016744, vstest.console.dll, MetadataReaderExtensionsHelper: Discovering extensions inside assembly 'Microsoft.VisualStudio.TestPlatform.Extensions.Trx.TestLogger, Version=15.0.0.0, Culture=neutral, PublicKeyToken=b03f5f7f11d50a3a' file path 'C:\Program Files\dotnet\sdk\7.0.101\Extensions\Microsoft.VisualStudio.TestPlatform.Extensions.Trx.TestLogger.dll'
TpTrace Information: 0 : 6872, 1, 2023/01/08, 19:43:37.725, 21017049135, vstest.console.dll, GetTestExtensionFromType: Register extension with identifier data 'logger://Microsoft/TestPlatform/TrxLogger/v1' and type 'Microsoft.VisualStudio.TestPlatform.Extensions.TrxLogger.TrxLogger, Microsoft.VisualStudio.TestPlatform.Extensions.Trx.TestLogger, Version=15.0.0.0, Culture=neutral, PublicKeyToken=b03f5f7f11d50a3a' inside file 'C:\Program Files\dotnet\sdk\7.0.101\Extensions\Microsoft.VisualStudio.TestPlatform.Extensions.Trx.TestLogger.dll'
TpTrace Verbose: 0 : 6872, 1, 2023/01/08, 19:43:37.726, 21017054567, vstest.console.dll, TestPluginCache: Discovered the extensions using extension path ''.
TpTrace Verbose: 0 : 6872, 1, 2023/01/08, 19:43:37.726, 21017056172, vstest.console.dll, TestPluginCache: Discoverers are ''.
TpTrace Verbose: 0 : 6872, 1, 2023/01/08, 19:43:37.726, 21017057033, vstest.console.dll, TestPluginCache: Executors are ''.
TpTrace Verbose: 0 : 6872, 1, 2023/01/08, 19:43:37.726, 21017057843, vstest.console.dll, TestPluginCache: Executors2 are ''.
TpTrace Verbose: 0 : 6872, 1, 2023/01/08, 19:43:37.726, 21017058645, vstest.console.dll, TestPluginCache: Setting providers are ''.
TpTrace Verbose: 0 : 6872, 1, 2023/01/08, 19:43:37.727, 21017060649, vstest.console.dll, TestPluginCache: Loggers are 'logger://Microsoft/TestPlatform/Extensions/Blame/v1,logger://Microsoft/TestPlatform/HtmlLogger/v1,logger://Microsoft/TestPlatform/TrxLogger/v1'.
TpTrace Verbose: 0 : 6872, 1, 2023/01/08, 19:43:37.727, 21017061969, vstest.console.dll, TestPluginCache: TestHosts are 'HostProvider://DefaultTestHost,HostProvider://DotnetTestHost'.
TpTrace Verbose: 0 : 6872, 1, 2023/01/08, 19:43:37.727, 21017062906, vstest.console.dll, TestPluginCache: DataCollectors are ''.
TpTrace Information: 0 : 6872, 1, 2023/01/08, 19:43:37.730, 21017096547, vstest.console.dll, TestPluginManager.CreateTestExtension: Attempting to load test extension: Microsoft.TestPlatform.Extensions.BlameDataCollector.BlameLogger
TpTrace Verbose: 0 : 6872, 1, 2023/01/08, 19:43:37.772, 21017510999, vstest.console.dll, TestEngine: Initializing Parallel Execution as MaxCpuCount is set to: 1
TpTrace Information: 0 : 6872, 1, 2023/01/08, 19:43:37.778, 21017572195, vstest.console.dll, TestPluginManager.CreateTestExtension: Attempting to load test extension: Microsoft.VisualStudio.TestPlatform.CrossPlatEngine.Hosting.DefaultTestHostManager
TpTrace Information: 0 : 6872, 1, 2023/01/08, 19:43:37.782, 21017617620, vstest.console.dll, TestPluginManager.CreateTestExtension: Attempting to load test extension: Microsoft.VisualStudio.TestPlatform.CrossPlatEngine.Hosting.DotnetTestHostManager
TpTrace Information: 0 : 6872, 1, 2023/01/08, 19:43:37.785, 21017642040, vstest.console.dll, InferRunSettingsHelper.IsTestSettingsEnabled: Unable to navigate to RunSettings/MSTest. Current node: RunSettings
TpTrace Verbose: 0 : 6872, 1, 2023/01/08, 19:43:37.801, 21017803846, vstest.console.dll, TestEngine.GetExecutionManager: Chosen execution manager 'Microsoft.VisualStudio.TestPlatform.CrossPlatEngine.Client.Parallel.ParallelProxyExecutionManager, Microsoft.TestPlatform.CrossPlatEngine, Version=15.0.0.0, Culture=neutral, PublicKeyToken=b03f5f7f11d50a3a' ParallelLevel '1'.
TpTrace Verbose: 0 : 6872, 1, 2023/01/08, 19:43:37.802, 21017815839, vstest.console.dll, TestRunRequest.ExecuteAsync: Creating test run request.
TpTrace Verbose: 0 : 6872, 1, 2023/01/08, 19:43:37.803, 21017824211, vstest.console.dll, TestRunRequest.ExecuteAsync: Starting.
TpTrace Information: 0 : 6872, 1, 2023/01/08, 19:43:37.805, 21017840471, vstest.console.dll, TestRunRequest.ExecuteAsync: Starting run with settings:TestRunCriteria:
   KeepAlive=False,FrequencyOfRunStatsChangeEvent=10,RunStatsChangeEventTimeout=00:00:01.5000000,TestCaseFilter=,TestExecutorLauncher=
   Settingsxml=<RunSettings>
  <RunConfiguration>
    <ResultsDirectory>C:\Users\User\Desktop\Svetlina\12\Exam\05.Working-with-Legacy-Code-Exam-Solutions\ChatRoom.Tests\bin\Debug\net6.0\fine-code-coverage\coverage-tool-output</ResultsDirectory>
    <TargetPlatform>X64</TargetPlatform>
    <TargetFrameworkVersion>.NETCoreApp,Version=v6.0</TargetFrameworkVersion>
    <DesignMode>False</DesignMode>
    <CollectSourceInformation>False</CollectSourceInformation>
  </RunConfiguration>
  <LoggerRunSettings>
    <Loggers>
      <Logger friendlyName="blame" enabled="True" />
      <Logger friendlyName="Console" uri="logger://microsoft/TestPlatform/ConsoleLogger/v1" assemblyQualifiedName="Microsoft.VisualStudio.TestPlatform.CommandLine.Internal.ConsoleLogger, vstest.console, Version=15.0.0.0, Culture=neutral, PublicKeyToken=b03f5f7f11d50a3a" codeBase="C:\Program Files\dotnet\sdk\7.0.101\vstest.console.dll" enabled="True" />
    </Loggers>
  </LoggerRunSettings>
  <DataCollectionRunSettings>
    <DataCollectors>
      <DataCollector friendlyName="blame" enabled="True">
        <Configuration>
          <ResultsDirectory>C:\Users\User\Desktop\Svetlina\12\Exam\05.Working-with-Legacy-Code-Exam-Solutions\ChatRoom.Tests\bin\Debug\net6.0\fine-code-coverage\coverage-tool-output</ResultsDirectory>
        </Configuration>
      </DataCollector>
    </DataCollectors>
  </DataCollectionRunSettings>
</RunSettings>

TpTrace Verbose: 0 : 6872, 1, 2023/01/08, 19:43:37.805, 21017843569, vstest.console.dll, TestRunRequest.ExecuteAsync: Wait for the first run request is over.
TpTrace Verbose: 0 : 6872, 1, 2023/01/08, 19:43:37.806, 21017857951, vstest.console.dll, MulticastDelegateUtilities.SafeInvoke: TestRun.TestRunStart: Invoking callbacks was skipped because there are no subscribers.
TpTrace Verbose: 0 : 6872, 4, 2023/01/08, 19:43:37.809, 21017885746, vstest.console.dll, MulticastDelegateUtilities.SafeInvoke: InternalTestLoggerEvents.SendTestRunStart: Invoking callback 1/1 for Microsoft.VisualStudio.TestPlatform.CommandLine.Internal.ConsoleLogger., took 1 ms.
TpTrace Verbose: 0 : 6872, 1, 2023/01/08, 19:43:37.810, 21017898199, vstest.console.dll, ParallelProxyExecutionManager: Start execution. Total sources: 1
TpTrace Verbose: 0 : 6872, 1, 2023/01/08, 19:43:37.818, 21017973203, vstest.console.dll, TestRequestSender is acting as server.
TpTrace Verbose: 0 : 6872, 1, 2023/01/08, 19:43:37.823, 21018027592, vstest.console.dll, DataCollectionRequestSender.InitializeCommunication : Initialize communication. 
TpTrace Information: 0 : 6872, 1, 2023/01/08, 19:43:37.843, 21018221529, vstest.console.dll, Listening on Endpoint : 127.0.0.1:50077
TpTrace Verbose: 0 : 6872, 1, 2023/01/08, 19:43:37.905, 21018840274, vstest.console.dll, DotnetDataCollectionLauncher: Adding  --runtimeconfig "C:\Program Files\dotnet\sdk\7.0.101\datacollector.runtimeconfig.json" in args
TpTrace Verbose: 0 : 6872, 1, 2023/01/08, 19:43:37.906, 21018855254, vstest.console.dll, DotnetDataCollectionLauncher: Adding  --depsfile "C:\Program Files\dotnet\sdk\7.0.101\datacollector.deps.json" in args
TpTrace Verbose: 0 : 6872, 1, 2023/01/08, 19:43:37.907, 21018865060, vstest.console.dll, DotnetDataCollectionLauncher: Full path of dotnet.exe is C:\Program Files\dotnet\dotnet.exe
TpTrace Information: 0 : 6872, 1, 2023/01/08, 19:43:38.139, 21021181155, vstest.console.dll, ProxyDataCollectionManager.Initialize: Launched datacollector processId: 7996 port: 50077
TpTrace Information: 0 : 6872, 1, 2023/01/08, 19:43:38.141, 21021201464, vstest.console.dll, ProxyDataCollectionManager.Initialize: waiting for connection with timeout: 90 seconds
TpTrace Verbose: 0 : 6872, 1, 2023/01/08, 19:43:38.141, 21021204256, vstest.console.dll, DataCollectionRequestSender.WaitForRequestHandlerConnection : Waiting for connection with timeout: 90000
TpTrace Information: 0 : 6872, 8, 2023/01/08, 19:43:38.913, 21028922464, vstest.console.dll, Using the buffer size of 16384 bytes
TpTrace Verbose: 0 : 6872, 1, 2023/01/08, 19:43:38.913, 21028922598, vstest.console.dll, SocketCommunicationManager.WaitForClientConnection took: 771 ms, with 90000 ms timeout, and finished with True.
TpTrace Information: 0 : 6872, 8, 2023/01/08, 19:43:38.913, 21028925328, vstest.console.dll, Accepted Client request and set the flag
TpTrace Verbose: 0 : 6872, 1, 2023/01/08, 19:43:38.913, 21028928968, vstest.console.dll, ProxyDataCollectionManager.InvokeDataCollectionServiceAction: Starting.
TpTrace Information: 0 : 6872, 1, 2023/01/08, 19:43:38.914, 21028936862, vstest.console.dll, ProxyDataCollectionManager.BeforeTestRunStart: Get environment variable and port for datacollector processId: 7996 port: 50077
TpTrace Verbose: 0 : 6872, 1, 2023/01/08, 19:43:38.915, 21028944852, vstest.console.dll, DataCollectionRequestSender.SendBeforeTestRunStartAndGetResult: Send BeforeTestRunStart message with settingsXml <RunSettings><RunConfiguration><ResultsDirectory>C:\Users\User\Desktop\Svetlina\12\Exam\05.Working-with-Legacy-Code-Exam-Solutions\ChatRoom.Tests\bin\Debug\net6.0\fine-code-coverage\coverage-tool-output</ResultsDirectory><TargetPlatform>X64</TargetPlatform><TargetFrameworkVersion>.NETCoreApp,Version=v6.0</TargetFrameworkVersion><DesignMode>False</DesignMode><CollectSourceInformation>False</CollectSourceInformation><TestAdaptersPaths>C:\Program Files\dotnet\sdk\7.0.101\Extensions</TestAdaptersPaths></RunConfiguration><LoggerRunSettings><Loggers><Logger friendlyName="blame" enabled="True" /><Logger friendlyName="Console" uri="logger://microsoft/TestPlatform/ConsoleLogger/v1" assemblyQualifiedName="Microsoft.VisualStudio.TestPlatform.CommandLine.Internal.ConsoleLogger, vstest.console, Version=15.0.0.0, Culture=neutral, PublicKeyToken=b03f5f7f11d50a3a" codeBase="C:\Program Files\dotnet\sdk\7.0.101\vstest.console.dll" enabled="True" /></Loggers></LoggerRunSettings><DataCollectionRunSettings><DataCollectors><DataCollector friendlyName="blame" enabled="True"><Configuration><ResultsDirectory>C:\Users\User\Desktop\Svetlina\12\Exam\05.Working-with-Legacy-Code-Exam-Solutions\ChatRoom.Tests\bin\Debug\net6.0\fine-code-coverage\coverage-tool-output</ResultsDirectory></Configuration></DataCollector></DataCollectors></DataCollectionRunSettings></RunSettings> and sources System.Collections.Generic.List`1[System.String]: 
TpTrace Verbose: 0 : 6872, 1, 2023/01/08, 19:43:39.668, 21036470688, vstest.console.dll, DataCollectionRequestSender.SendBeforeTestRunStartAndGetResult: Received message: (DataCollection.SendMessage) -> {"MessageType":"DataCollection.SendMessage","Payload":{"FriendlyName":null,"Uri":null,"TestCaseId":"00000000-0000-0000-0000-000000000000","Message":"Logging DataCollector Diagnostics in file: C:\\Users\\User\\Desktop\\Svetlina\\12\\Exam\\05.Working-with-Legacy-Code-Exam-Solutions\\ChatRoom.Tests\\bin\\Debug\\net6.0\\fine-code-coverage\\coverage-tool-output\\diagnostics.datacollector.23-01-08_19-43-37_90368_1.log","Level":0}}
TpTrace Verbose: 0 : 6872, 1, 2023/01/08, 19:43:40.702, 21046817141, vstest.console.dll, DataCollectionRequestSender.SendBeforeTestRunStartAndGetResult: Received message: (DataCollection.BeforeTestRunStartResult) -> {"MessageType":"DataCollection.BeforeTestRunStartResult","Payload":{"EnvironmentVariables":{},"DataCollectionEventsPort":50079}}
TpTrace Information: 0 : 6872, 1, 2023/01/08, 19:43:40.742, 21047213400, vstest.console.dll, ProxyDataCollectionManager.BeforeTestRunStart: SendBeforeTestRunStartAndGetResult successful, env variable from datacollector:   and testhost port: 50079
TpTrace Information: 0 : 6872, 1, 2023/01/08, 19:43:40.742, 21047215676, vstest.console.dll, ProxyDataCollectionManager.InvokeDataCollectionServiceAction: Completed.
TpTrace Verbose: 0 : 6872, 1, 2023/01/08, 19:43:40.743, 21047220121, vstest.console.dll, ProxyParallelExecutionManager: No sources available for execution.
TpTrace Information: 0 : 6872, 1, 2023/01/08, 19:43:40.743, 21047223080, vstest.console.dll, TestRunRequest.ExecuteAsync: Started.
TpTrace Verbose: 0 : 6872, 1, 2023/01/08, 19:43:40.744, 21047233114, vstest.console.dll, TestRunRequest.WaitForCompletion: Waiting with timeout -1.
TpTrace Verbose: 0 : 6872, 10, 2023/01/08, 19:43:40.793, 21047721381, vstest.console.dll, ParallelProxyExecutionManager: Execution started. Started clients: 1
TpTrace Verbose: 0 : 6872, 10, 2023/01/08, 19:43:40.795, 21047740652, vstest.console.dll, TestRunRequest:SendTestRunMessage: Starting.
TpTrace Verbose: 0 : 6872, 10, 2023/01/08, 19:43:40.796, 21047749557, vstest.console.dll, MulticastDelegateUtilities.SafeInvoke: TestRun.LogMessages: Invoking callback 1/1 for Microsoft.VisualStudio.TestPlatform.CommandLine.TestRunResultAggregator., took 0 ms.
TpTrace Information: 0 : 6872, 10, 2023/01/08, 19:43:40.796, 21047751322, vstest.console.dll, TestRunRequest:SendTestRunMessage: Completed.
TpTrace Verbose: 0 : 6872, 10, 2023/01/08, 19:43:40.796, 21047757768, vstest.console.dll, ProxyExecutionManager: Test host is always Lazy initialize.
TpTrace Verbose: 0 : 6872, 10, 2023/01/08, 19:43:40.797, 21047766657, vstest.console.dll, TestRequestSender.InitializeCommunication: initialize communication. 
TpTrace Verbose: 0 : 6872, 4, 2023/01/08, 19:43:40.797, 21047766691, vstest.console.dll, MulticastDelegateUtilities.SafeInvoke: InternalTestLoggerEvents.SendTestRunMessage: Invoking callback 1/1 for Microsoft.VisualStudio.TestPlatform.CommandLine.Internal.ConsoleLogger., took 0 ms.
TpTrace Information: 0 : 6872, 10, 2023/01/08, 19:43:40.800, 21047793688, vstest.console.dll, SocketServer.Start: Listening on endpoint : 127.0.0.1:50080
TpTrace Verbose: 0 : 6872, 10, 2023/01/08, 19:43:40.812, 21047917043, vstest.console.dll, DotnetTestHostmanager.GetTestHostProcessStartInfo: Platform environment 'X64' target architecture 'X64' framework '.NETCoreApp,Version=v6.0' OS 'Windows'
TpTrace Verbose: 0 : 6872, 10, 2023/01/08, 19:43:40.814, 21047929742, vstest.console.dll, DotnetTestHostmanager: Adding  --runtimeconfig "C:\Users\User\Desktop\Svetlina\12\Exam\05.Working-with-Legacy-Code-Exam-Solutions\ChatRoom.Tests\bin\Debug\net6.0\fine-code-coverage\build-output\ChatRoom.Tests.runtimeconfig.json" in args
TpTrace Verbose: 0 : 6872, 10, 2023/01/08, 19:43:40.814, 21047934182, vstest.console.dll, DotnetTestHostmanager: Adding  --depsfile "C:\Users\User\Desktop\Svetlina\12\Exam\05.Working-with-Legacy-Code-Exam-Solutions\ChatRoom.Tests\bin\Debug\net6.0\fine-code-coverage\build-output\ChatRoom.Tests.deps.json" in args
TpTrace Verbose: 0 : 6872, 10, 2023/01/08, 19:43:40.815, 21047941566, vstest.console.dll, DotnetTestHostmanager.IsWinOnArm: Current PROCESSOR_ARCHITECTURE from environment variable 'AMD64'
TpTrace Verbose: 0 : 6872, 10, 2023/01/08, 19:43:40.815, 21047946716, vstest.console.dll, DotnetTestHostmanager.IsWinOnArm: Is Windows on ARM 'False'
TpTrace Verbose: 0 : 6872, 10, 2023/01/08, 19:43:40.816, 21047950494, vstest.console.dll, DotnetTestHostManager: testhost.exe found at path: C:\Users\User\Desktop\Svetlina\12\Exam\05.Working-with-Legacy-Code-Exam-Solutions\ChatRoom.Tests\bin\Debug\net6.0\fine-code-coverage\build-output\testhost.exe
TpTrace Verbose: 0 : 6872, 10, 2023/01/08, 19:43:40.816, 21047953901, vstest.console.dll, DotnetTestHostmanager: Full path of host exe is C:\Users\User\Desktop\Svetlina\12\Exam\05.Working-with-Legacy-Code-Exam-Solutions\ChatRoom.Tests\bin\Debug\net6.0\fine-code-coverage\build-output\testhost.exe
TpTrace Verbose: 0 : 6872, 10, 2023/01/08, 19:43:40.816, 21047957291, vstest.console.dll, DotnetTestHostmanager.LaunchTestHostAsync: Found 'VSTEST_WINAPPHOST_DOTNET_ROOT' in env variables, value 'C:\Program Files\dotnet', forwarding to 'DOTNET_ROOT'
TpTrace Verbose: 0 : 6872, 10, 2023/01/08, 19:43:40.817, 21047964650, vstest.console.dll, DotnetTestHostManager: Starting process 'C:\Users\User\Desktop\Svetlina\12\Exam\05.Working-with-Legacy-Code-Exam-Solutions\ChatRoom.Tests\bin\Debug\net6.0\fine-code-coverage\build-output\testhost.exe' with command line ' --runtimeconfig "C:\Users\User\Desktop\Svetlina\12\Exam\05.Working-with-Legacy-Code-Exam-Solutions\ChatRoom.Tests\bin\Debug\net6.0\fine-code-coverage\build-output\ChatRoom.Tests.runtimeconfig.json" --depsfile "C:\Users\User\Desktop\Svetlina\12\Exam\05.Working-with-Legacy-Code-Exam-Solutions\ChatRoom.Tests\bin\Debug\net6.0\fine-code-coverage\build-output\ChatRoom.Tests.deps.json" --port 50080 --endpoint 127.0.0.1:050080 --role client --parentprocessid 6872 --diag "C:\Users\User\Desktop\Svetlina\12\Exam\05.Working-with-Legacy-Code-Exam-Solutions\ChatRoom.Tests\bin\Debug\net6.0\fine-code-coverage\coverage-tool-output\diagnostics.host.23-01-08_19-43-40_80334_10.log" --tracelevel 4 --datacollectionport 50079 --telemetryoptedin false'
TpTrace Verbose: 0 : 6872, 10, 2023/01/08, 19:43:40.976, 21049549610, vstest.console.dll, MulticastDelegateUtilities.SafeInvoke: HostProviderEvents.OnHostLaunched: Invoking callback 1/2 for Microsoft.VisualStudio.TestPlatform.CrossPlatEngine.Client.ProxyExecutionManagerWithDataCollection., took 8 ms.
TpTrace Verbose: 0 : 6872, 10, 2023/01/08, 19:43:40.976, 21049558730, vstest.console.dll, Test Runtime launched
TpTrace Verbose: 0 : 6872, 10, 2023/01/08, 19:43:40.977, 21049561577, vstest.console.dll, MulticastDelegateUtilities.SafeInvoke: HostProviderEvents.OnHostLaunched: Invoking callback 2/2 for Microsoft.VisualStudio.TestPlatform.CrossPlatEngine.Client.ProxyOperationManager., took 0 ms.
TpTrace Verbose: 0 : 6872, 10, 2023/01/08, 19:43:40.979, 21049583201, vstest.console.dll, TestRequestSender.WaitForRequestHandlerConnection: waiting for connection with timeout: 90000.
TpTrace Verbose: 0 : 6872, 10, 2023/01/08, 19:43:44.304, 21082830572, vstest.console.dll, TestRequestSender.WaitForRequestHandlerConnection: waiting took 3324 ms, with timeout 90000 ms, and result 0, which is success.
TpTrace Verbose: 0 : 6872, 10, 2023/01/08, 19:43:44.307, 21082861495, vstest.console.dll, TestRequestSender.CheckVersionWithTestHost: Sending check version message: {"MessageType":"ProtocolVersion","Payload":7}
TpTrace Verbose: 0 : 6872, 8, 2023/01/08, 19:43:44.307, 21082869358, vstest.console.dll, MulticastDelegateUtilities.SafeInvoke: SocketServer: ClientConnected: Invoking callback 1/1 for Microsoft.VisualStudio.TestPlatform.CommunicationUtilities.TestRequestSender., took 4 ms.
TpTrace Verbose: 0 : 6872, 8, 2023/01/08, 19:43:44.308, 21082871167, vstest.console.dll, SocketServer.OnClientConnected: Client connected for endPoint: 127.0.0.1:50080, starting MessageLoopAsync:
TpTrace Verbose: 0 : 6872, 8, 2023/01/08, 19:43:44.309, 21082879643, vstest.console.dll, TcpClientExtensions.MessageLoopAsync: Polling on remoteEndPoint: 127.0.0.1:50081 localEndPoint: 127.0.0.1:50080
TpTrace Verbose: 0 : 6872, 8, 2023/01/08, 19:43:45.170, 21091496877, vstest.console.dll, TcpClientExtensions.MessageLoopAsync: NotifyDataAvailable remoteEndPoint: 127.0.0.1:50081 localEndPoint: 127.0.0.1:50080
TpTrace Verbose: 0 : 6872, 8, 2023/01/08, 19:43:45.171, 21091502859, vstest.console.dll, TestRequestSender.CheckVersionWithTestHost: onMessageReceived received message: (ProtocolVersion) -> {"MessageType":"ProtocolVersion","Payload":5}
TpTrace Verbose: 0 : 6872, 8, 2023/01/08, 19:43:45.173, 21091528275, vstest.console.dll, MulticastDelegateUtilities.SafeInvoke: LengthPrefixCommunicationChannel: MessageReceived: Invoking callback 1/1 for Microsoft.VisualStudio.TestPlatform.CommunicationUtilities.TestRequestSender+<>c__DisplayClass26_0., took 2 ms.
TpTrace Verbose: 0 : 6872, 10, 2023/01/08, 19:43:45.174, 21091530247, vstest.console.dll, TestPluginCache.GetExtensionPaths: Filtered extension paths: 
TpTrace Verbose: 0 : 6872, 8, 2023/01/08, 19:43:45.174, 21091531884, vstest.console.dll, TcpClientExtensions.MessageLoopAsync: Polling on remoteEndPoint: 127.0.0.1:50081 localEndPoint: 127.0.0.1:50080
TpTrace Verbose: 0 : 6872, 10, 2023/01/08, 19:43:45.174, 21091532456, vstest.console.dll, TestPluginCache.GetExtensionPaths: Added default extension paths: C:\Program Files\dotnet\sdk\7.0.101\Extensions\Microsoft.Diagnostics.NETCore.Client.dll
C:\Program Files\dotnet\sdk\7.0.101\Extensions\Microsoft.TestPlatform.Extensions.BlameDataCollector.dll
C:\Program Files\dotnet\sdk\7.0.101\Extensions\Microsoft.TestPlatform.Extensions.EventLogCollector.dll
C:\Program Files\dotnet\sdk\7.0.101\Extensions\Microsoft.TestPlatform.TestHostRuntimeProvider.dll
C:\Program Files\dotnet\sdk\7.0.101\Extensions\Microsoft.VisualStudio.TestPlatform.Extensions.Html.TestLogger.dll
C:\Program Files\dotnet\sdk\7.0.101\Extensions\Microsoft.VisualStudio.TestPlatform.Extensions.Trx.TestLogger.dll
TpTrace Verbose: 0 : 6872, 10, 2023/01/08, 19:43:45.174, 21091533799, vstest.console.dll, TestPluginCache.GetExtensionPaths: Added unfilterableExtensionPaths: 
TpTrace Verbose: 0 : 6872, 10, 2023/01/08, 19:43:45.184, 21091638338, vstest.console.dll, TestRequestSender.InitializeExecution: Sending initialize execution with message: {"Version":5,"MessageType":"TestExecution.Initialize","Payload":["C:\\Users\\User\\Desktop\\Svetlina\\12\\Exam\\05.Working-with-Legacy-Code-Exam-Solutions\\ChatRoom.Tests\\bin\\Debug\\net6.0\\fine-code-coverage\\build-output\\NUnit3.TestAdapter.dll"]}
TpTrace Warning: 0 : 6872, 10, 2023/01/08, 19:43:45.186, 21091650887, vstest.console.dll, InferRunSettingsHelper.MakeRunsettingsCompatible: Removing the following settings: TargetPlatform from RunSettings file. To use those settings please move to latest version of Microsoft.NET.Test.Sdk
TpTrace Verbose: 0 : 6872, 8, 2023/01/08, 19:43:45.227, 21092064116, vstest.console.dll, TcpClientExtensions.MessageLoopAsync: NotifyDataAvailable remoteEndPoint: 127.0.0.1:50081 localEndPoint: 127.0.0.1:50080
TpTrace Verbose: 0 : 6872, 8, 2023/01/08, 19:43:45.228, 21092077060, vstest.console.dll, TestRequestSender.OnExecutionMessageReceived: Received message: {"Version":5,"MessageType":"TestSession.Message","Payload":{"MessageLevel":0,"Message":"Logging TestHost Diagnostics in file: C:\\Users\\User\\Desktop\\Svetlina\\12\\Exam\\05.Working-with-Legacy-Code-Exam-Solutions\\ChatRoom.Tests\\bin\\Debug\\net6.0\\fine-code-coverage\\coverage-tool-output\\diagnostics.host.23-01-08_19-43-40_80334_10.log"}}
TpTrace Verbose: 0 : 6872, 8, 2023/01/08, 19:43:45.236, 21092156804, vstest.console.dll, TestRunRequest:SendTestRunMessage: Starting.
TpTrace Verbose: 0 : 6872, 8, 2023/01/08, 19:43:45.237, 21092161394, vstest.console.dll, MulticastDelegateUtilities.SafeInvoke: TestRun.LogMessages: Invoking callback 1/1 for Microsoft.VisualStudio.TestPlatform.CommandLine.TestRunResultAggregator., took 0 ms.
TpTrace Information: 0 : 6872, 8, 2023/01/08, 19:43:45.237, 21092162594, vstest.console.dll, TestRunRequest:SendTestRunMessage: Completed.
TpTrace Verbose: 0 : 6872, 8, 2023/01/08, 19:43:45.237, 21092166184, vstest.console.dll, MulticastDelegateUtilities.SafeInvoke: LengthPrefixCommunicationChannel: MessageReceived: Invoking callback 1/1 for Microsoft.VisualStudio.TestPlatform.CommunicationUtilities.TestRequestSender+<>c__DisplayClass31_0., took 9 ms.
TpTrace Verbose: 0 : 6872, 4, 2023/01/08, 19:43:45.237, 21092166850, vstest.console.dll, MulticastDelegateUtilities.SafeInvoke: InternalTestLoggerEvents.SendTestRunMessage: Invoking callback 1/1 for Microsoft.VisualStudio.TestPlatform.CommandLine.Internal.ConsoleLogger., took 0 ms.
TpTrace Verbose: 0 : 6872, 8, 2023/01/08, 19:43:45.237, 21092167561, vstest.console.dll, TcpClientExtensions.MessageLoopAsync: Polling on remoteEndPoint: 127.0.0.1:50081 localEndPoint: 127.0.0.1:50080
TpTrace Verbose: 0 : 6872, 10, 2023/01/08, 19:43:45.249, 21092282559, vstest.console.dll, TestRequestSender.StartTestRun: Sending test run with message: {"Version":5,"MessageType":"TestExecution.StartWithSources","Payload":{"AdapterSourceMap":{"_none_":["C:\\Users\\User\\Desktop\\Svetlina\\12\\Exam\\05.Working-with-Legacy-Code-Exam-Solutions\\ChatRoom.Tests\\bin\\Debug\\net6.0\\fine-code-coverage\\build-output\\ChatRoom.Tests.dll"]},"RunSettings":"<RunSettings>\r\n  <RunConfiguration>\r\n    <ResultsDirectory>C:\\Users\\User\\Desktop\\Svetlina\\12\\Exam\\05.Working-with-Legacy-Code-Exam-Solutions\\ChatRoom.Tests\\bin\\Debug\\net6.0\\fine-code-coverage\\coverage-tool-output</ResultsDirectory>\r\n    <TargetFrameworkVersion>.NETCoreApp,Version=v6.0</TargetFrameworkVersion>\r\n    <DesignMode>False</DesignMode>\r\n    <CollectSourceInformation>False</CollectSourceInformation>\r\n  </RunConfiguration>\r\n  <LoggerRunSettings>\r\n    <Loggers>\r\n      <Logger friendlyName=\"blame\" enabled=\"True\" />\r\n      <Logger friendlyName=\"Console\" uri=\"logger://microsoft/TestPlatform/ConsoleLogger/v1\" assemblyQualifiedName=\"Microsoft.VisualStudio.TestPlatform.CommandLine.Internal.ConsoleLogger, vstest.console, Version=15.0.0.0, Culture=neutral, PublicKeyToken=b03f5f7f11d50a3a\" codeBase=\"C:\\Program Files\\dotnet\\sdk\\7.0.101\\vstest.console.dll\" enabled=\"True\" />\r\n    </Loggers>\r\n  </LoggerRunSettings>\r\n  <DataCollectionRunSettings>\r\n    <DataCollectors>\r\n      <DataCollector friendlyName=\"blame\" enabled=\"True\">\r\n        <Configuration>\r\n          <ResultsDirectory>C:\\Users\\User\\Desktop\\Svetlina\\12\\Exam\\05.Working-with-Legacy-Code-Exam-Solutions\\ChatRoom.Tests\\bin\\Debug\\net6.0\\fine-code-coverage\\coverage-tool-output</ResultsDirectory>\r\n        </Configuration>\r\n      </DataCollector>\r\n    </DataCollectors>\r\n  </DataCollectionRunSettings>\r\n</RunSettings>","TestExecutionContext":{"FrequencyOfRunStatsChangeEvent":10,"RunStatsChangeEventTimeout":"00:00:01.5000000","InIsolation":false,"KeepAlive":false,"AreTestCaseLevelEventsRequired":false,"IsDebug":false,"TestCaseFilter":null,"FilterOptions":null},"Package":null}}
TpTrace Verbose: 0 : 6872, 8, 2023/01/08, 19:43:46.032, 21100113284, vstest.console.dll, TcpClientExtensions.MessageLoopAsync: NotifyDataAvailable remoteEndPoint: 127.0.0.1:50081 localEndPoint: 127.0.0.1:50080
TpTrace Verbose: 0 : 6872, 8, 2023/01/08, 19:43:46.032, 21100116763, vstest.console.dll, TestRequestSender.OnExecutionMessageReceived: Received message: {"Version":5,"MessageType":"TestSession.Message","Payload":{"MessageLevel":0,"Message":"NUnit Adapter 4.2.0.0: Test execution started"}}
TpTrace Verbose: 0 : 6872, 8, 2023/01/08, 19:43:46.033, 21100124342, vstest.console.dll, TestRunRequest:SendTestRunMessage: Starting.
TpTrace Verbose: 0 : 6872, 8, 2023/01/08, 19:43:46.033, 21100126904, vstest.console.dll, MulticastDelegateUtilities.SafeInvoke: TestRun.LogMessages: Invoking callback 1/1 for Microsoft.VisualStudio.TestPlatform.CommandLine.TestRunResultAggregator., took 0 ms.
TpTrace Information: 0 : 6872, 8, 2023/01/08, 19:43:46.033, 21100127683, vstest.console.dll, TestRunRequest:SendTestRunMessage: Completed.
TpTrace Verbose: 0 : 6872, 8, 2023/01/08, 19:43:46.033, 21100128660, vstest.console.dll, MulticastDelegateUtilities.SafeInvoke: LengthPrefixCommunicationChannel: MessageReceived: Invoking callback 1/1 for Microsoft.VisualStudio.TestPlatform.CommunicationUtilities.TestRequestSender+<>c__DisplayClass31_0., took 1 ms.
TpTrace Verbose: 0 : 6872, 8, 2023/01/08, 19:43:46.034, 21100129617, vstest.console.dll, TcpClientExtensions.MessageLoopAsync: Polling on remoteEndPoint: 127.0.0.1:50081 localEndPoint: 127.0.0.1:50080
TpTrace Verbose: 0 : 6872, 4, 2023/01/08, 19:43:46.034, 21100137400, vstest.console.dll, MulticastDelegateUtilities.SafeInvoke: InternalTestLoggerEvents.SendTestRunMessage: Invoking callback 1/1 for Microsoft.VisualStudio.TestPlatform.CommandLine.Internal.ConsoleLogger., took 0 ms.
TpTrace Verbose: 0 : 6872, 8, 2023/01/08, 19:43:46.117, 21100964500, vstest.console.dll, TcpClientExtensions.MessageLoopAsync: NotifyDataAvailable remoteEndPoint: 127.0.0.1:50081 localEndPoint: 127.0.0.1:50080
TpTrace Verbose: 0 : 6872, 8, 2023/01/08, 19:43:46.117, 21100967779, vstest.console.dll, TestRequestSender.OnExecutionMessageReceived: Received message: {"Version":5,"MessageType":"TestSession.Message","Payload":{"MessageLevel":0,"Message":"Running all tests in C:\\Users\\User\\Desktop\\Svetlina\\12\\Exam\\05.Working-with-Legacy-Code-Exam-Solutions\\ChatRoom.Tests\\bin\\Debug\\net6.0\\fine-code-coverage\\build-output\\ChatRoom.Tests.dll"}}
TpTrace Verbose: 0 : 6872, 8, 2023/01/08, 19:43:46.118, 21100970598, vstest.console.dll, TestRunRequest:SendTestRunMessage: Starting.
TpTrace Verbose: 0 : 6872, 8, 2023/01/08, 19:43:46.118, 21100972166, vstest.console.dll, MulticastDelegateUtilities.SafeInvoke: TestRun.LogMessages: Invoking callback 1/1 for Microsoft.VisualStudio.TestPlatform.CommandLine.TestRunResultAggregator., took 0 ms.
TpTrace Information: 0 : 6872, 8, 2023/01/08, 19:43:46.118, 21100972960, vstest.console.dll, TestRunRequest:SendTestRunMessage: Completed.
TpTrace Verbose: 0 : 6872, 8, 2023/01/08, 19:43:46.118, 21100973686, vstest.console.dll, MulticastDelegateUtilities.SafeInvoke: LengthPrefixCommunicationChannel: MessageReceived: Invoking callback 1/1 for Microsoft.VisualStudio.TestPlatform.CommunicationUtilities.TestRequestSender+<>c__DisplayClass31_0., took 0 ms.
TpTrace Verbose: 0 : 6872, 8, 2023/01/08, 19:43:46.118, 21100974416, vstest.console.dll, TcpClientExtensions.MessageLoopAsync: Polling on remoteEndPoint: 127.0.0.1:50081 localEndPoint: 127.0.0.1:50080
TpTrace Verbose: 0 : 6872, 4, 2023/01/08, 19:43:46.118, 21100976008, vstest.console.dll, MulticastDelegateUtilities.SafeInvoke: InternalTestLoggerEvents.SendTestRunMessage: Invoking callback 1/1 for Microsoft.VisualStudio.TestPlatform.CommandLine.Internal.ConsoleLogger., took 0 ms.
TpTrace Verbose: 0 : 6872, 8, 2023/01/08, 19:43:46.647, 21106263878, vstest.console.dll, TcpClientExtensions.MessageLoopAsync: NotifyDataAvailable remoteEndPoint: 127.0.0.1:50081 localEndPoint: 127.0.0.1:50080
TpTrace Verbose: 0 : 6872, 8, 2023/01/08, 19:43:46.647, 21106267379, vstest.console.dll, TestRequestSender.OnExecutionMessageReceived: Received message: {"Version":5,"MessageType":"TestSession.Message","Payload":{"MessageLevel":0,"Message":"   NUnit3TestExecutor discovered 10 of 10 NUnit test cases using Current Discovery mode, Non-Explicit run"}}
TpTrace Verbose: 0 : 6872, 8, 2023/01/08, 19:43:46.648, 21106270093, vstest.console.dll, TestRunRequest:SendTestRunMessage: Starting.
TpTrace Verbose: 0 : 6872, 8, 2023/01/08, 19:43:46.648, 21106271715, vstest.console.dll, MulticastDelegateUtilities.SafeInvoke: TestRun.LogMessages: Invoking callback 1/1 for Microsoft.VisualStudio.TestPlatform.CommandLine.TestRunResultAggregator., took 0 ms.
TpTrace Verbose: 0 : 6872, 4, 2023/01/08, 19:43:46.648, 21106271866, vstest.console.dll, MulticastDelegateUtilities.SafeInvoke: InternalTestLoggerEvents.SendTestRunMessage: Invoking callback 1/1 for Microsoft.VisualStudio.TestPlatform.CommandLine.Internal.ConsoleLogger., took 0 ms.
TpTrace Information: 0 : 6872, 8, 2023/01/08, 19:43:46.648, 21106272580, vstest.console.dll, TestRunRequest:SendTestRunMessage: Completed.
TpTrace Verbose: 0 : 6872, 8, 2023/01/08, 19:43:46.648, 21106274266, vstest.console.dll, MulticastDelegateUtilities.SafeInvoke: LengthPrefixCommunicationChannel: MessageReceived: Invoking callback 1/1 for Microsoft.VisualStudio.TestPlatform.CommunicationUtilities.TestRequestSender+<>c__DisplayClass31_0., took 0 ms.
TpTrace Verbose: 0 : 6872, 8, 2023/01/08, 19:43:46.648, 21106275060, vstest.console.dll, TcpClientExtensions.MessageLoopAsync: Polling on remoteEndPoint: 127.0.0.1:50081 localEndPoint: 127.0.0.1:50080
TpTrace Verbose: 0 : 6872, 8, 2023/01/08, 19:43:47.349, 21113280882, vstest.console.dll, TcpClientExtensions.MessageLoopAsync: NotifyDataAvailable remoteEndPoint: 127.0.0.1:50081 localEndPoint: 127.0.0.1:50080
TpTrace Verbose: 0 : 6872, 8, 2023/01/08, 19:43:47.349, 21113284627, vstest.console.dll, TestRequestSender.OnExecutionMessageReceived: Received message: {"Version":5,"MessageType":"TestExecution.StatsChange","Payload":{"NewTestResults":[],"TestRunStatistics":{"ExecutedTests":0,"Stats":{}},"ActiveTests":[{"Id":"40af8c44-832b-094c-70e8-3fb005d3967a","FullyQualifiedName":"ChatRoom.Tests.ChatServiceTests.Test_DeleteChatRoom_RemovesCorrectly","DisplayName":"Test_DeleteChatRoom_RemovesCorrectly","ExecutorUri":"executor://NUnit3TestExecutor","Source":"C:\\Users\\User\\Desktop\\Svetlina\\12\\Exam\\05.Working-with-Legacy-Code-Exam-Solutions\\ChatRoom.Tests\\bin\\Debug\\net6.0\\fine-code-coverage\\build-output\\ChatRoom.Tests.dll","CodeFilePath":null,"LineNumber":0,"Properties":[{"Key":{"Id":"NUnit.Seed","Label":"Seed","Category":"","Description":"","Attributes":0,"ValueType":"System.String"},"Value":"352708029"}]}]}}
TpTrace Verbose: 0 : 6872, 8, 2023/01/08, 19:43:47.416, 21113951723, vstest.console.dll, TestRunRequest:SendTestRunStatsChange: Starting.
TpTrace Verbose: 0 : 6872, 8, 2023/01/08, 19:43:47.416, 21113958306, vstest.console.dll, InProgress is Test_DeleteChatRoom_RemovesCorrectly
TpTrace Verbose: 0 : 6872, 8, 2023/01/08, 19:43:47.417, 21113963243, vstest.console.dll, MulticastDelegateUtilities.SafeInvoke: TestRun.RunStatsChanged: Invoking callbacks was skipped because there are no subscribers.
TpTrace Information: 0 : 6872, 8, 2023/01/08, 19:43:47.417, 21113964457, vstest.console.dll, TestRunRequest:SendTestRunStatsChange: Completed.
TpTrace Verbose: 0 : 6872, 8, 2023/01/08, 19:43:47.417, 21113965586, vstest.console.dll, MulticastDelegateUtilities.SafeInvoke: LengthPrefixCommunicationChannel: MessageReceived: Invoking callback 1/1 for Microsoft.VisualStudio.TestPlatform.CommunicationUtilities.TestRequestSender+<>c__DisplayClass31_0., took 68 ms.
TpTrace Verbose: 0 : 6872, 8, 2023/01/08, 19:43:47.417, 21113966364, vstest.console.dll, TcpClientExtensions.MessageLoopAsync: Polling on remoteEndPoint: 127.0.0.1:50081 localEndPoint: 127.0.0.1:50080
TpTrace Verbose: 0 : 6872, 8, 2023/01/08, 19:43:48.425, 21124039460, vstest.console.dll, TcpClientExtensions.MessageLoopAsync: Polling on remoteEndPoint: 127.0.0.1:50081 localEndPoint: 127.0.0.1:50080
TpTrace Verbose: 0 : 6872, 8, 2023/01/08, 19:43:49.439, 21134186817, vstest.console.dll, TcpClientExtensions.MessageLoopAsync: Polling on remoteEndPoint: 127.0.0.1:50081 localEndPoint: 127.0.0.1:50080
TpTrace Verbose: 0 : 6872, 8, 2023/01/08, 19:43:50.453, 21144329115, vstest.console.dll, TcpClientExtensions.MessageLoopAsync: Polling on remoteEndPoint: 127.0.0.1:50081 localEndPoint: 127.0.0.1:50080
TpTrace Verbose: 0 : 6872, 8, 2023/01/08, 19:43:51.468, 21154477044, vstest.console.dll, TcpClientExtensions.MessageLoopAsync: Polling on remoteEndPoint: 127.0.0.1:50081 localEndPoint: 127.0.0.1:50080
TpTrace Verbose: 0 : 6872, 8, 2023/01/08, 19:43:52.469, 21164486996, vstest.console.dll, TcpClientExtensions.MessageLoopAsync: Polling on remoteEndPoint: 127.0.0.1:50081 localEndPoint: 127.0.0.1:50080
TpTrace Verbose: 0 : 6872, 8, 2023/01/08, 19:43:52.631, 21166101852, vstest.console.dll, TcpClientExtensions.MessageLoopAsync: NotifyDataAvailable remoteEndPoint: 127.0.0.1:50081 localEndPoint: 127.0.0.1:50080
TpTrace Verbose: 0 : 6872, 8, 2023/01/08, 19:43:52.631, 21166106703, vstest.console.dll, TestRequestSender.OnExecutionMessageReceived: Received message: {"Version":5,"MessageType":"TestExecution.StatsChange","Payload":{"NewTestResults":[{"TestCase":{"Id":"40af8c44-832b-094c-70e8-3fb005d3967a","FullyQualifiedName":"ChatRoom.Tests.ChatServiceTests.Test_DeleteChatRoom_RemovesCorrectly","DisplayName":"Test_DeleteChatRoom_RemovesCorrectly","ExecutorUri":"executor://NUnit3TestExecutor","Source":"C:\\Users\\User\\Desktop\\Svetlina\\12\\Exam\\05.Working-with-Legacy-Code-Exam-Solutions\\ChatRoom.Tests\\bin\\Debug\\net6.0\\fine-code-coverage\\build-output\\ChatRoom.Tests.dll","CodeFilePath":null,"LineNumber":0,"Properties":[{"Key":{"Id":"NUnit.Seed","Label":"Seed","Category":"","Description":"","Attributes":0,"ValueType":"System.String"},"Value":"352708029"}]},"Attachments":[],"Outcome":1,"ErrorMessage":null,"ErrorStackTrace":null,"DisplayName":"Test_DeleteChatRoom_RemovesCorrectly","Messages":[],"ComputerName":"DESKTOP-HRHS9Q6","Duration":"00:00:05.6658190","StartTime":"2023-01-08T17:43:46.7598262+00:00","EndTime":"2023-01-08T17:43:52.4253949+00:00","Properties":[{"Key":{"Id":"NUnit.Seed","Label":"Seed","Category":"","Description":"","Attributes":0,"ValueType":"System.String"},"Value":"352708029"}]}],"TestRunStatistics":{"ExecutedTests":1,"Stats":{"Passed":1}},"ActiveTests":[{"Id":"f6633e02-09a9-0c49-5273-f3834f73e4e3","FullyQualifiedName":"ChatRoom.Tests.ChatServiceTests.Test_EditChatRoom_ChangesCorrectly","DisplayName":"Test_EditChatRoom_ChangesCorrectly","ExecutorUri":"executor://NUnit3TestExecutor","Source":"C:\\Users\\User\\Desktop\\Svetlina\\12\\Exam\\05.Working-with-Legacy-Code-Exam-Solutions\\ChatRoom.Tests\\bin\\Debug\\net6.0\\fine-code-coverage\\build-output\\ChatRoom.Tests.dll","CodeFilePath":null,"LineNumber":0,"Properties":[{"Key":{"Id":"NUnit.Seed","Label":"Seed","Category":"","Description":"","Attributes":0,"ValueType":"System.String"},"Value":"1334653205"}]}]}}
TpTrace Verbose: 0 : 6872, 8, 2023/01/08, 19:43:52.662, 21166414288, vstest.console.dll, TestRunRequest:SendTestRunStatsChange: Starting.
TpTrace Verbose: 0 : 6872, 8, 2023/01/08, 19:43:52.662, 21166416752, vstest.console.dll, InProgress is Test_EditChatRoom_ChangesCorrectly
TpTrace Verbose: 0 : 6872, 8, 2023/01/08, 19:43:52.663, 21166424421, vstest.console.dll, MulticastDelegateUtilities.SafeInvoke: TestRun.RunStatsChanged: Invoking callbacks was skipped because there are no subscribers.
TpTrace Information: 0 : 6872, 8, 2023/01/08, 19:43:52.663, 21166425825, vstest.console.dll, TestRunRequest:SendTestRunStatsChange: Completed.
TpTrace Verbose: 0 : 6872, 8, 2023/01/08, 19:43:52.663, 21166426891, vstest.console.dll, MulticastDelegateUtilities.SafeInvoke: LengthPrefixCommunicationChannel: MessageReceived: Invoking callback 1/1 for Microsoft.VisualStudio.TestPlatform.CommunicationUtilities.TestRequestSender+<>c__DisplayClass31_0., took 32 ms.
TpTrace Verbose: 0 : 6872, 8, 2023/01/08, 19:43:52.663, 21166427731, vstest.console.dll, TcpClientExtensions.MessageLoopAsync: Polling on remoteEndPoint: 127.0.0.1:50081 localEndPoint: 127.0.0.1:50080
TpTrace Verbose: 0 : 6872, 4, 2023/01/08, 19:43:52.688, 21166674073, vstest.console.dll, MulticastDelegateUtilities.SafeInvoke: InternalTestLoggerEvents.SendTestResult: Invoking callback 1/1 for Microsoft.VisualStudio.TestPlatform.CommandLine.Internal.ConsoleLogger., took 22 ms.
TpTrace Verbose: 0 : 6872, 8, 2023/01/08, 19:43:53.671, 21176505290, vstest.console.dll, TcpClientExtensions.MessageLoopAsync: Polling on remoteEndPoint: 127.0.0.1:50081 localEndPoint: 127.0.0.1:50080
TpTrace Verbose: 0 : 6872, 8, 2023/01/08, 19:43:54.151, 21181309083, vstest.console.dll, TcpClientExtensions.MessageLoopAsync: NotifyDataAvailable remoteEndPoint: 127.0.0.1:50081 localEndPoint: 127.0.0.1:50080
TpTrace Verbose: 0 : 6872, 8, 2023/01/08, 19:43:54.153, 21181321370, vstest.console.dll, TestRequestSender.OnExecutionMessageReceived: Received message: {"Version":5,"MessageType":"TestExecution.StatsChange","Payload":{"NewTestResults":[{"TestCase":{"Id":"f6633e02-09a9-0c49-5273-f3834f73e4e3","FullyQualifiedName":"ChatRoom.Tests.ChatServiceTests.Test_EditChatRoom_ChangesCorrectly","DisplayName":"Test_EditChatRoom_ChangesCorrectly","ExecutorUri":"executor://NUnit3TestExecutor","Source":"C:\\Users\\User\\Desktop\\Svetlina\\12\\Exam\\05.Working-with-Legacy-Code-Exam-Solutions\\ChatRoom.Tests\\bin\\Debug\\net6.0\\fine-code-coverage\\build-output\\ChatRoom.Tests.dll","CodeFilePath":null,"LineNumber":0,"Properties":[{"Key":{"Id":"NUnit.Seed","Label":"Seed","Category":"","Description":"","Attributes":0,"ValueType":"System.String"},"Value":"1334653205"}]},"Attachments":[],"Outcome":1,"ErrorMessage":null,"ErrorStackTrace":null,"DisplayName":"Test_EditChatRoom_ChangesCorrectly","Messages":[],"ComputerName":"DESKTOP-HRHS9Q6","Duration":"00:00:00.4850200","StartTime":"2023-01-08T17:43:52.4462824+00:00","EndTime":"2023-01-08T17:43:52.9313033+00:00","Properties":[{"Key":{"Id":"NUnit.Seed","Label":"Seed","Category":"","Description":"","Attributes":0,"ValueType":"System.String"},"Value":"1334653205"}]},{"TestCase":{"Id":"0bb4ea12-c4f2-6555-63b6-86d76aed7d14","FullyQualifiedName":"ChatRoom.Tests.ChatServiceTests.Test_GetChatDetails_ReturnsCorrectInfo","DisplayName":"Test_GetChatDetails_ReturnsCorrectInfo","ExecutorUri":"executor://NUnit3TestExecutor","Source":"C:\\Users\\User\\Desktop\\Svetlina\\12\\Exam\\05.Working-with-Legacy-Code-Exam-Solutions\\ChatRoom.Tests\\bin\\Debug\\net6.0\\fine-code-coverage\\build-output\\ChatRoom.Tests.dll","CodeFilePath":null,"LineNumber":0,"Properties":[{"Key":{"Id":"NUnit.Seed","Label":"Seed","Category":"","Description":"","Attributes":0,"ValueType":"System.String"},"Value":"653698501"}]},"Attachments":[],"Outcome":1,"ErrorMessage":null,"ErrorStackTrace":null,"DisplayName":"Test_GetChatDetails_ReturnsCorrectInfo","Messages":[],"ComputerName":"DESKTOP-HRHS9Q6","Duration":"00:00:00.5796750","StartTime":"2023-01-08T17:43:52.9433917+00:00","EndTime":"2023-01-08T17:43:53.5230672+00:00","Properties":[{"Key":{"Id":"NUnit.Seed","Label":"Seed","Category":"","Description":"","Attributes":0,"ValueType":"System.String"},"Value":"653698501"}]},{"TestCase":{"Id":"b0b9d021-5601-a61f-dfc1-52a2766c7ac8","FullyQualifiedName":"ChatRoom.Tests.ChatServiceTests.Test_SaveChatRoom_AddsCorrectly","DisplayName":"Test_SaveChatRoom_AddsCorrectly","ExecutorUri":"executor://NUnit3TestExecutor","Source":"C:\\Users\\User\\Desktop\\Svetlina\\12\\Exam\\05.Working-with-Legacy-Code-Exam-Solutions\\ChatRoom.Tests\\bin\\Debug\\net6.0\\fine-code-coverage\\build-output\\ChatRoom.Tests.dll","CodeFilePath":null,"LineNumber":0,"Properties":[{"Key":{"Id":"NUnit.Seed","Label":"Seed","Category":"","Description":"","Attributes":0,"ValueType":"System.String"},"Value":"489964607"}]},"Attachments":[],"Outcome":1,"ErrorMessage":null,"ErrorStackTrace":null,"DisplayName":"Test_SaveChatRoom_AddsCorrectly","Messages":[],"ComputerName":"DESKTOP-HRHS9Q6","Duration":"00:00:00.0896380","StartTime":"2023-01-08T17:43:53.5566089+00:00","EndTime":"2023-01-08T17:43:53.6462477+00:00","Properties":[{"Key":{"Id":"NUnit.Seed","Label":"Seed","Category":"","Description":"","Attributes":0,"ValueType":"System.String"},"Value":"489964607"}]},{"TestCase":{"Id":"df4eca9c-721f-3ddc-dcf6-8ecab92dbcf2","FullyQualifiedName":"ChatRoom.Tests.HomeServiceTests.Test_GetUserRooms_ReturnsCorrectChatRooms","DisplayName":"Test_GetUserRooms_ReturnsCorrectChatRooms","ExecutorUri":"executor://NUnit3TestExecutor","Source":"C:\\Users\\User\\Desktop\\Svetlina\\12\\Exam\\05.Working-with-Legacy-Code-Exam-Solutions\\ChatRoom.Tests\\bin\\Debug\\net6.0\\fine-code-coverage\\build-output\\ChatRoom.Tests.dll","CodeFilePath":null,"LineNumber":0,"Properties":[{"Key":{"Id":"NUnit.Seed","Label":"Seed","Category":"","Description":"","Attributes":0,"ValueType":"System.String"},"Value":"1305484954"}]},"Attachments":[],"Outcome":1,"ErrorMessage":null,"ErrorStackTrace":null,"DisplayName":"Test_GetUserRooms_ReturnsCorrectChatRooms","Messages":[],"ComputerName":"DESKTOP-HRHS9Q6","Duration":"00:00:00.1560159","StartTime":"2023-01-08T17:43:53.6729974+00:00","EndTime":"2023-01-08T17:43:53.8290143+00:00","Properties":[{"Key":{"Id":"NUnit.Seed","Label":"Seed","Category":"","Description":"","Attributes":0,"ValueType":"System.String"},"Value":"1305484954"}]},{"TestCase":{"Id":"aa6a909c-9bdf-fd7c-106f-20047fe9764e","FullyQualifiedName":"ChatRoom.Tests.MessageServiceTests.Test_SaveComment_AddsCorrectly","DisplayName":"Test_SaveComment_AddsCorrectly","ExecutorUri":"executor://NUnit3TestExecutor","Source":"C:\\Users\\User\\Desktop\\Svetlina\\12\\Exam\\05.Working-with-Legacy-Code-Exam-Solutions\\ChatRoom.Tests\\bin\\Debug\\net6.0\\fine-code-coverage\\build-output\\ChatRoom.Tests.dll","CodeFilePath":null,"LineNumber":0,"Properties":[{"Key":{"Id":"NUnit.Seed","Label":"Seed","Category":"","Description":"","Attributes":0,"ValueType":"System.String"},"Value":"1164302438"}]},"Attachments":[],"Outcome":1,"ErrorMessage":null,"ErrorStackTrace":null,"DisplayName":"Test_SaveComment_AddsCorrectly","Messages":[],"ComputerName":"DESKTOP-HRHS9Q6","Duration":"00:00:00.0998120","StartTime":"2023-01-08T17:43:53.8369205+00:00","EndTime":"2023-01-08T17:43:53.9367337+00:00","Properties":[{"Key":{"Id":"NUnit.Seed","Label":"Seed","Category":"","Description":"","Attributes":0,"ValueType":"System.String"},"Value":"1164302438"}]},{"TestCase":{"Id":"26dfce76-0d1d-0300-5fa4-a9018c0970a3","FullyQualifiedName":"ChatRoom.Tests.UserServiceTests.Test_AddUserToRoom_AddsCorrectly","DisplayName":"Test_AddUserToRoom_AddsCorrectly","ExecutorUri":"executor://NUnit3TestExecutor","Source":"C:\\Users\\User\\Desktop\\Svetlina\\12\\Exam\\05.Working-with-Legacy-Code-Exam-Solutions\\ChatRoom.Tests\\bin\\Debug\\net6.0\\fine-code-coverage\\build-output\\ChatRoom.Tests.dll","CodeFilePath":null,"LineNumber":0,"Properties":[{"Key":{"Id":"NUnit.Seed","Label":"Seed","Category":"","Description":"","Attributes":0,"ValueType":"System.String"},"Value":"43178287"}]},"Attachments":[],"Outcome":1,"ErrorMessage":null,"ErrorStackTrace":null,"DisplayName":"Test_AddUserToRoom_AddsCorrectly","Messages":[],"ComputerName":"DESKTOP-HRHS9Q6","Duration":"00:00:00.0760760","StartTime":"2023-01-08T17:43:53.942159+00:00","EndTime":"2023-01-08T17:43:54.0182337+00:00","Properties":[{"Key":{"Id":"NUnit.Seed","Label":"Seed","Category":"","Description":"","Attributes":0,"ValueType":"System.String"},"Value":"43178287"}]},{"TestCase":{"Id":"097d5039-e6a2-d89e-f7bc-e650268698a9","FullyQualifiedName":"ChatRoom.Tests.UserServiceTests.Test_GetUsersToAdd_ReturnsCorrectUsers","DisplayName":"Test_GetUsersToAdd_ReturnsCorrectUsers","ExecutorUri":"executor://NUnit3TestExecutor","Source":"C:\\Users\\User\\Desktop\\Svetlina\\12\\Exam\\05.Working-with-Legacy-Code-Exam-Solutions\\ChatRoom.Tests\\bin\\Debug\\net6.0\\fine-code-coverage\\build-output\\ChatRoom.Tests.dll","CodeFilePath":null,"LineNumber":0,"Properties":[{"Key":{"Id":"NUnit.Seed","Label":"Seed","Category":"","Description":"","Attributes":0,"ValueType":"System.String"},"Value":"692544267"}]},"Attachments":[],"Outcome":1,"ErrorMessage":null,"ErrorStackTrace":null,"DisplayName":"Test_GetUsersToAdd_ReturnsCorrectUsers","Messages":[],"ComputerName":"DESKTOP-HRHS9Q6","Duration":"00:00:00.1196750","StartTime":"2023-01-08T17:43:54.0224155+00:00","EndTime":"2023-01-08T17:43:54.1420893+00:00","Properties":[{"Key":{"Id":"NUnit.Seed","Label":"Seed","Category":"","Description":"","Attributes":0,"ValueType":"System.String"},"Value":"692544267"}]}],"TestRunStatistics":{"ExecutedTests":8,"Stats":{"Passed":8}},"ActiveTests":[{"Id":"344da9ff-5294-1eb7-1546-38a728f02d4e","FullyQualifiedName":"ChatRoom.Tests.UserServiceTests.Test_GetUsersToRemove_ReturnsCorrectUsers","DisplayName":"Test_GetUsersToRemove_ReturnsCorrectUsers","ExecutorUri":"executor://NUnit3TestExecutor","Source":"C:\\Users\\User\\Desktop\\Svetlina\\12\\Exam\\05.Working-with-Legacy-Code-Exam-Solutions\\ChatRoom.Tests\\bin\\Debug\\net6.0\\fine-code-coverage\\build-output\\ChatRoom.Tests.dll","CodeFilePath":null,"LineNumber":0,"Properties":[{"Key":{"Id":"NUnit.Seed","Label":"Seed","Category":"","Description":"","Attributes":0,"ValueType":"System.String"},"Value":"621146766"}]}]}}
TpTrace Verbose: 0 : 6872, 8, 2023/01/08, 19:43:54.157, 21181360891, vstest.console.dll, TestRunRequest:SendTestRunStatsChange: Starting.
TpTrace Verbose: 0 : 6872, 8, 2023/01/08, 19:43:54.157, 21181363127, vstest.console.dll, InProgress is Test_GetUsersToRemove_ReturnsCorrectUsers
TpTrace Verbose: 0 : 6872, 8, 2023/01/08, 19:43:54.157, 21181364678, vstest.console.dll, MulticastDelegateUtilities.SafeInvoke: TestRun.RunStatsChanged: Invoking callbacks was skipped because there are no subscribers.
TpTrace Information: 0 : 6872, 8, 2023/01/08, 19:43:54.157, 21181365413, vstest.console.dll, TestRunRequest:SendTestRunStatsChange: Completed.
TpTrace Verbose: 0 : 6872, 8, 2023/01/08, 19:43:54.157, 21181366175, vstest.console.dll, MulticastDelegateUtilities.SafeInvoke: LengthPrefixCommunicationChannel: MessageReceived: Invoking callback 1/1 for Microsoft.VisualStudio.TestPlatform.CommunicationUtilities.TestRequestSender+<>c__DisplayClass31_0., took 5 ms.
TpTrace Verbose: 0 : 6872, 8, 2023/01/08, 19:43:54.157, 21181367790, vstest.console.dll, TcpClientExtensions.MessageLoopAsync: Polling on remoteEndPoint: 127.0.0.1:50081 localEndPoint: 127.0.0.1:50080
TpTrace Verbose: 0 : 6872, 4, 2023/01/08, 19:43:54.158, 21181372198, vstest.console.dll, MulticastDelegateUtilities.SafeInvoke: InternalTestLoggerEvents.SendTestResult: Invoking callback 1/1 for Microsoft.VisualStudio.TestPlatform.CommandLine.Internal.ConsoleLogger., took 0 ms.
TpTrace Verbose: 0 : 6872, 4, 2023/01/08, 19:43:54.158, 21181374118, vstest.console.dll, MulticastDelegateUtilities.SafeInvoke: InternalTestLoggerEvents.SendTestResult: Invoking callback 1/1 for Microsoft.VisualStudio.TestPlatform.CommandLine.Internal.ConsoleLogger., took 0 ms.
TpTrace Verbose: 0 : 6872, 4, 2023/01/08, 19:43:54.158, 21181375228, vstest.console.dll, MulticastDelegateUtilities.SafeInvoke: InternalTestLoggerEvents.SendTestResult: Invoking callback 1/1 for Microsoft.VisualStudio.TestPlatform.CommandLine.Internal.ConsoleLogger., took 0 ms.
TpTrace Verbose: 0 : 6872, 4, 2023/01/08, 19:43:54.158, 21181376335, vstest.console.dll, MulticastDelegateUtilities.SafeInvoke: InternalTestLoggerEvents.SendTestResult: Invoking callback 1/1 for Microsoft.VisualStudio.TestPlatform.CommandLine.Internal.ConsoleLogger., took 0 ms.
TpTrace Verbose: 0 : 6872, 4, 2023/01/08, 19:43:54.158, 21181377390, vstest.console.dll, MulticastDelegateUtilities.SafeInvoke: InternalTestLoggerEvents.SendTestResult: Invoking callback 1/1 for Microsoft.VisualStudio.TestPlatform.CommandLine.Internal.ConsoleLogger., took 0 ms.
TpTrace Verbose: 0 : 6872, 4, 2023/01/08, 19:43:54.158, 21181378443, vstest.console.dll, MulticastDelegateUtilities.SafeInvoke: InternalTestLoggerEvents.SendTestResult: Invoking callback 1/1 for Microsoft.VisualStudio.TestPlatform.CommandLine.Internal.ConsoleLogger., took 0 ms.
TpTrace Verbose: 0 : 6872, 4, 2023/01/08, 19:43:54.159, 21181379502, vstest.console.dll, MulticastDelegateUtilities.SafeInvoke: InternalTestLoggerEvents.SendTestResult: Invoking callback 1/1 for Microsoft.VisualStudio.TestPlatform.CommandLine.Internal.ConsoleLogger., took 0 ms.
TpTrace Verbose: 0 : 6872, 8, 2023/01/08, 19:43:54.353, 21183327338, vstest.console.dll, TcpClientExtensions.MessageLoopAsync: NotifyDataAvailable remoteEndPoint: 127.0.0.1:50081 localEndPoint: 127.0.0.1:50080
TpTrace Verbose: 0 : 6872, 8, 2023/01/08, 19:43:54.354, 21183330180, vstest.console.dll, TestRequestSender.OnExecutionMessageReceived: Received message: {"Version":5,"MessageType":"TestSession.Message","Payload":{"MessageLevel":0,"Message":"NUnit Adapter 4.2.0.0: Test execution complete"}}
TpTrace Verbose: 0 : 6872, 8, 2023/01/08, 19:43:54.354, 21183335001, vstest.console.dll, TestRunRequest:SendTestRunMessage: Starting.
TpTrace Verbose: 0 : 6872, 8, 2023/01/08, 19:43:54.354, 21183337961, vstest.console.dll, MulticastDelegateUtilities.SafeInvoke: TestRun.LogMessages: Invoking callback 1/1 for Microsoft.VisualStudio.TestPlatform.CommandLine.TestRunResultAggregator., took 0 ms.
TpTrace Information: 0 : 6872, 8, 2023/01/08, 19:43:54.354, 21183338949, vstest.console.dll, TestRunRequest:SendTestRunMessage: Completed.
TpTrace Verbose: 0 : 6872, 8, 2023/01/08, 19:43:54.355, 21183345109, vstest.console.dll, MulticastDelegateUtilities.SafeInvoke: LengthPrefixCommunicationChannel: MessageReceived: Invoking callback 1/1 for Microsoft.VisualStudio.TestPlatform.CommunicationUtilities.TestRequestSender+<>c__DisplayClass31_0., took 1 ms.
TpTrace Verbose: 0 : 6872, 8, 2023/01/08, 19:43:54.355, 21183346678, vstest.console.dll, TcpClientExtensions.MessageLoopAsync: Polling on remoteEndPoint: 127.0.0.1:50081 localEndPoint: 127.0.0.1:50080
TpTrace Verbose: 0 : 6872, 4, 2023/01/08, 19:43:54.359, 21183387624, vstest.console.dll, MulticastDelegateUtilities.SafeInvoke: InternalTestLoggerEvents.SendTestRunMessage: Invoking callback 1/1 for Microsoft.VisualStudio.TestPlatform.CommandLine.Internal.ConsoleLogger., took 3 ms.
TpTrace Verbose: 0 : 6872, 8, 2023/01/08, 19:43:54.497, 21184764623, vstest.console.dll, TcpClientExtensions.MessageLoopAsync: NotifyDataAvailable remoteEndPoint: 127.0.0.1:50081 localEndPoint: 127.0.0.1:50080
TpTrace Verbose: 0 : 6872, 8, 2023/01/08, 19:43:54.497, 21184768400, vstest.console.dll, TestRequestSender.OnExecutionMessageReceived: Received message: {"Version":5,"MessageType":"TestExecution.Completed","Payload":{"TestRunCompleteArgs":{"TestRunStatistics":{"ExecutedTests":10,"Stats":{"Passed":10}},"IsCanceled":false,"IsAborted":false,"Error":null,"AttachmentSets":[],"ElapsedTimeInRunningTests":"00:00:08.4103765","Metrics":{}},"LastRunTests":{"NewTestResults":[{"TestCase":{"Id":"344da9ff-5294-1eb7-1546-38a728f02d4e","FullyQualifiedName":"ChatRoom.Tests.UserServiceTests.Test_GetUsersToRemove_ReturnsCorrectUsers","DisplayName":"Test_GetUsersToRemove_ReturnsCorrectUsers","ExecutorUri":"executor://NUnit3TestExecutor","Source":"C:\\Users\\User\\Desktop\\Svetlina\\12\\Exam\\05.Working-with-Legacy-Code-Exam-Solutions\\ChatRoom.Tests\\bin\\Debug\\net6.0\\fine-code-coverage\\build-output\\ChatRoom.Tests.dll","CodeFilePath":null,"LineNumber":0,"Properties":[{"Key":{"Id":"NUnit.Seed","Label":"Seed","Category":"","Description":"","Attributes":0,"ValueType":"System.String"},"Value":"621146766"}]},"Attachments":[],"Outcome":1,"ErrorMessage":null,"ErrorStackTrace":null,"DisplayName":"Test_GetUsersToRemove_ReturnsCorrectUsers","Messages":[],"ComputerName":"DESKTOP-HRHS9Q6","Duration":"00:00:00.0859040","StartTime":"2023-01-08T17:43:54.1592269+00:00","EndTime":"2023-01-08T17:43:54.2451345+00:00","Properties":[{"Key":{"Id":"NUnit.Seed","Label":"Seed","Category":"","Description":"","Attributes":0,"ValueType":"System.String"},"Value":"621146766"}]},{"TestCase":{"Id":"dba3a22d-52c6-3bba-8fbe-d52676525a0d","FullyQualifiedName":"ChatRoom.Tests.UserServiceTests.Test_RemoveUserFromRoom_RemovesCorrectly","DisplayName":"Test_RemoveUserFromRoom_RemovesCorrectly","ExecutorUri":"executor://NUnit3TestExecutor","Source":"C:\\Users\\User\\Desktop\\Svetlina\\12\\Exam\\05.Working-with-Legacy-Code-Exam-Solutions\\ChatRoom.Tests\\bin\\Debug\\net6.0\\fine-code-coverage\\build-output\\ChatRoom.Tests.dll","CodeFilePath":null,"LineNumber":0,"Properties":[{"Key":{"Id":"NUnit.Seed","Label":"Seed","Category":"","Description":"","Attributes":0,"ValueType":"System.String"},"Value":"1767045351"}]},"Attachments":[],"Outcome":1,"ErrorMessage":null,"ErrorStackTrace":null,"DisplayName":"Test_RemoveUserFromRoom_RemovesCorrectly","Messages":[],"ComputerName":"DESKTOP-HRHS9Q6","Duration":"00:00:00.0751750","StartTime":"2023-01-08T17:43:54.2518778+00:00","EndTime":"2023-01-08T17:43:54.3270531+00:00","Properties":[{"Key":{"Id":"NUnit.Seed","Label":"Seed","Category":"","Description":"","Attributes":0,"ValueType":"System.String"},"Value":"1767045351"}]}],"TestRunStatistics":{"ExecutedTests":10,"Stats":{"Passed":10}},"ActiveTests":[]},"RunAttachments":[],"ExecutorUris":["executor://nunit3testexecutor/"]}}
TpTrace Verbose: 0 : 6872, 8, 2023/01/08, 19:43:54.498, 21184770543, vstest.console.dll, TestRequestSender.EndSession: Sending end session.
TpTrace Verbose: 0 : 6872, 8, 2023/01/08, 19:43:54.499, 21184788747, vstest.console.dll, ProxyOperationManager.Close: waiting for test host to exit for 100 ms
TpTrace Warning: 0 : 6872, 8, 2023/01/08, 19:43:54.666, 21186450968, vstest.console.dll, ProxyOperationManager: Timed out waiting for test host to exit. Will terminate process.
TpTrace Information: 0 : 6872, 8, 2023/01/08, 19:43:54.669, 21186483410, vstest.console.dll, SocketServer.Stop: Stop server endPoint: 127.0.0.1:50080
TpTrace Information: 0 : 6872, 8, 2023/01/08, 19:43:54.669, 21186486394, vstest.console.dll, SocketServer.Stop: Cancellation requested. Stopping message loop.
TpTrace Information: 0 : 6872, 8, 2023/01/08, 19:43:54.670, 21186489574, vstest.console.dll, Closing the connection
TpTrace Warning: 0 : 6872, 11, 2023/01/08, 19:43:54.761, 21187401965, vstest.console.dll, TestHostManagerCallbacks.ErrorReceivedCallback Test host standard error line: 
TpTrace Verbose: 0 : 6872, 8, 2023/01/08, 19:43:54.791, 21187704979, vstest.console.dll, TestHostProvider.ExitCallBack: Host exited starting callback.
TpTrace Information: 0 : 6872, 8, 2023/01/08, 19:43:54.791, 21187708302, vstest.console.dll, TestHostManagerCallbacks.ExitCallBack: Testhost processId: 348 exited with exitcode: 0 error: ''
TpTrace Verbose: 0 : 6872, 8, 2023/01/08, 19:43:54.791, 21187709289, vstest.console.dll, DotnetTestHostManager.OnHostExited: invoking OnHostExited callback
TpTrace Verbose: 0 : 6872, 8, 2023/01/08, 19:43:54.792, 21187710706, vstest.console.dll, CrossPlatEngine.TestHostManagerHostExited: calling on client process exit callback.
TpTrace Information: 0 : 6872, 8, 2023/01/08, 19:43:54.792, 21187711988, vstest.console.dll, TestRequestSender.OnClientProcessExit: Test host process exited. Standard error: 
TpTrace Information: 0 : 6872, 8, 2023/01/08, 19:43:54.792, 21187714435, vstest.console.dll, SocketServer.Stop: Stop server endPoint: 127.0.0.1:50080
TpTrace Information: 0 : 6872, 8, 2023/01/08, 19:43:54.792, 21187715318, vstest.console.dll, SocketServer.Stop: Cancellation requested. Stopping message loop.
TpTrace Verbose: 0 : 6872, 8, 2023/01/08, 19:43:54.792, 21187716286, vstest.console.dll, MulticastDelegateUtilities.SafeInvoke: HostProviderEvents.OnHostExited: Invoking callback 1/1 for Microsoft.VisualStudio.TestPlatform.CrossPlatEngine.Client.ProxyOperationManager., took 0 ms.
TpTrace Verbose: 0 : 6872, 8, 2023/01/08, 19:43:54.793, 21187723271, vstest.console.dll, ProxyDataCollectionManager.InvokeDataCollectionServiceAction: Starting.
TpTrace Information: 0 : 6872, 8, 2023/01/08, 19:43:54.793, 21187725106, vstest.console.dll, ProxyDataCollectionManager.AfterTestRunEnd: Get attachment set and invoked data collectors processId: 7996 port: 50077
TpTrace Verbose: 0 : 6872, 8, 2023/01/08, 19:43:54.793, 21187726579, vstest.console.dll, DataCollectionRequestSender.SendAfterTestRunStartAndGetResult: Send AfterTestRunEnd message with isCancelled: False
TpTrace Verbose: 0 : 6872, 8, 2023/01/08, 19:43:54.815, 21187943011, vstest.console.dll, DataCollectionRequestSender.SendAfterTestRunStartAndGetResult: Received message: (DataCollection.AfterTestRunEndResult) -> {"MessageType":"DataCollection.AfterTestRunEndResult","Payload":{"AttachmentSets":[],"InvokedDataCollectors":[{"Uri":"datacollector://Microsoft/TestPlatform/Extensions/Blame/v1","FriendlyName":"Blame","AssemblyQualifiedName":"Microsoft.TestPlatform.Extensions.BlameDataCollector.BlameCollector, Microsoft.TestPlatform.Extensions.BlameDataCollector, Version=15.0.0.0, Culture=neutral, PublicKeyToken=b03f5f7f11d50a3a","FilePath":"C:\\Program Files\\dotnet\\sdk\\7.0.101\\Extensions\\Microsoft.TestPlatform.Extensions.BlameDataCollector.dll","HasAttachmentProcessor":false}],"Metrics":{}}}
TpTrace Information: 0 : 6872, 8, 2023/01/08, 19:43:54.831, 21188107825, vstest.console.dll, ProxyDataCollectionManager.InvokeDataCollectionServiceAction: Completed.
TpTrace Warning: 0 : 6872, 7, 2023/01/08, 19:43:54.844, 21188232089, vstest.console.dll, DataCollectionLauncher.ErrorReceivedCallback datacollector standard error line: 
TpTrace Information: 0 : 6872, 7, 2023/01/08, 19:43:54.896, 21188757293, vstest.console.dll, DataCollectionLauncher.ExitCallBack: Data collector exited with exitcode: 0 error: ''
TpTrace Verbose: 0 : 6872, 8, 2023/01/08, 19:43:54.960, 21189389642, vstest.console.dll, TestRunRequest:SendTestRunStatsChange: Starting.
TpTrace Verbose: 0 : 6872, 8, 2023/01/08, 19:43:54.960, 21189392108, vstest.console.dll, MulticastDelegateUtilities.SafeInvoke: TestRun.RunStatsChanged: Invoking callbacks was skipped because there are no subscribers.
TpTrace Information: 0 : 6872, 8, 2023/01/08, 19:43:54.960, 21189392866, vstest.console.dll, TestRunRequest:SendTestRunStatsChange: Completed.
TpTrace Verbose: 0 : 6872, 4, 2023/01/08, 19:43:54.960, 21189393371, vstest.console.dll, MulticastDelegateUtilities.SafeInvoke: InternalTestLoggerEvents.SendTestResult: Invoking callback 1/1 for Microsoft.VisualStudio.TestPlatform.CommandLine.Internal.ConsoleLogger., took 0 ms.
TpTrace Verbose: 0 : 6872, 4, 2023/01/08, 19:43:54.960, 21189394604, vstest.console.dll, MulticastDelegateUtilities.SafeInvoke: InternalTestLoggerEvents.SendTestResult: Invoking callback 1/1 for Microsoft.VisualStudio.TestPlatform.CommandLine.Internal.ConsoleLogger., took 0 ms.
TpTrace Verbose: 0 : 6872, 8, 2023/01/08, 19:43:54.961, 21189403866, vstest.console.dll, ParallelProxyExecutionManager: HandlePartialRunComplete: Total completed clients = 1, Run complete = True, Run canceled: False.
TpTrace Verbose: 0 : 6872, 4, 2023/01/08, 19:43:55.006, 21189852968, vstest.console.dll, MulticastDelegateUtilities.SafeInvoke: InternalTestLoggerEvents.SendTestRunComplete: Invoking callback 1/2 for Microsoft.TestPlatform.Extensions.BlameDataCollector.BlameLogger., took 0 ms.
TpTrace Verbose: 0 : 6872, 4, 2023/01/08, 19:43:55.064, 21190432385, vstest.console.dll, MulticastDelegateUtilities.SafeInvoke: InternalTestLoggerEvents.SendTestRunComplete: Invoking callback 2/2 for Microsoft.VisualStudio.TestPlatform.CommandLine.Internal.ConsoleLogger., took 57 ms.
TpTrace Verbose: 0 : 6872, 8, 2023/01/08, 19:43:55.066, 21190453497, vstest.console.dll, TestRunRequest:TestRunComplete: Starting. IsAborted:False IsCanceled:False.
TpTrace Verbose: 0 : 6872, 8, 2023/01/08, 19:43:55.072, 21190516829, vstest.console.dll, TestLoggerManager.HandleTestRunComplete: Ignoring as the object is disposed.
TpTrace Verbose: 0 : 6872, 8, 2023/01/08, 19:43:55.074, 21190530457, vstest.console.dll, MulticastDelegateUtilities.SafeInvoke: TestRun.TestRunComplete: Invoking callback 1/2 for Microsoft.VisualStudio.TestPlatform.CommandLine.TestRunResultAggregator., took 0 ms.
TpTrace Verbose: 0 : 6872, 8, 2023/01/08, 19:43:55.074, 21190536257, vstest.console.dll, MulticastDelegateUtilities.SafeInvoke: TestRun.TestRunComplete: Invoking callback 2/2 for Microsoft.VisualStudio.TestPlatform.CommandLine.Processors.RunTestsArgumentExecutor+TestRunRequestEventsRegistrar., took 0 ms.
TpTrace Information: 0 : 6872, 8, 2023/01/08, 19:43:55.074, 21190539260, vstest.console.dll, TestRunRequest:TestRunComplete: Completed.
TpTrace Verbose: 0 : 6872, 8, 2023/01/08, 19:43:55.075, 21190540432, vstest.console.dll, TestRequestSender.SetOperationComplete: Setting operation complete.
TpTrace Information: 0 : 6872, 8, 2023/01/08, 19:43:55.075, 21190541168, vstest.console.dll, SocketServer.Stop: Stop server endPoint: 127.0.0.1:50080
TpTrace Information: 0 : 6872, 8, 2023/01/08, 19:43:55.075, 21190541856, vstest.console.dll, SocketServer.Stop: Cancellation requested. Stopping message loop.
TpTrace Verbose: 0 : 6872, 8, 2023/01/08, 19:43:55.075, 21190542715, vstest.console.dll, MulticastDelegateUtilities.SafeInvoke: LengthPrefixCommunicationChannel: MessageReceived: Invoking callback 1/1 for Microsoft.VisualStudio.TestPlatform.CommunicationUtilities.TestRequestSender+<>c__DisplayClass31_0., took 577 ms.
TpTrace Information: 0 : 6872, 8, 2023/01/08, 19:43:55.075, 21190543645, vstest.console.dll, SocketServer.PrivateStop: Stopping server endPoint: 127.0.0.1:50080 error: 
TpTrace Verbose: 0 : 6872, 1, 2023/01/08, 19:43:55.076, 21190551129, vstest.console.dll, TestRunRequest.Dispose: Starting.
TpTrace Information: 0 : 6872, 1, 2023/01/08, 19:43:55.076, 21190553004, vstest.console.dll, TestRunRequest.Dispose: Completed.
TpTrace Information: 0 : 6872, 1, 2023/01/08, 19:43:55.076, 21190554187, vstest.console.dll, TestRequestManager.RunTests: run tests completed.
TpTrace Information: 0 : 6872, 1, 2023/01/08, 19:43:55.076, 21190557526, vstest.console.dll, RunTestsArgumentProcessor:Execute: Test run is completed.
TpTrace Verbose: 0 : 6872, 1, 2023/01/08, 19:43:55.077, 21190562451, vstest.console.dll, Executor.Execute: Exiting with exit code of 0
